{"D:\\degree\\ppl\\assignment2\\L3\\L3-ast.ts":{"path":"D:\\degree\\ppl\\assignment2\\L3\\L3-ast.ts","statementMap":{"0":{"start":{"line":2,"column":0},"end":{"line":2,"column":62}},"1":{"start":{"line":3,"column":0},"end":{"line":3,"column":1034}},"2":{"start":{"line":6,"column":16},"end":{"line":6,"column":32}},"3":{"start":{"line":7,"column":19},"end":{"line":7,"column":40}},"4":{"start":{"line":8,"column":15},"end":{"line":8,"column":40}},"5":{"start":{"line":9,"column":26},"end":{"line":9,"column":62}},"6":{"start":{"line":10,"column":17},"end":{"line":10,"column":44}},"7":{"start":{"line":11,"column":17},"end":{"line":11,"column":44}},"8":{"start":{"line":13,"column":20},"end":{"line":13,"column":62}},"9":{"start":{"line":13,"column":31},"end":{"line":13,"column":61}},"10":{"start":{"line":14,"column":0},"end":{"line":14,"column":34}},"11":{"start":{"line":15,"column":22},"end":{"line":15,"column":74}},"12":{"start":{"line":15,"column":35},"end":{"line":15,"column":73}},"13":{"start":{"line":16,"column":0},"end":{"line":16,"column":38}},"14":{"start":{"line":17,"column":19},"end":{"line":17,"column":53}},"15":{"start":{"line":17,"column":27},"end":{"line":17,"column":52}},"16":{"start":{"line":18,"column":0},"end":{"line":18,"column":32}},"17":{"start":{"line":19,"column":20},"end":{"line":19,"column":55}},"18":{"start":{"line":19,"column":28},"end":{"line":19,"column":54}},"19":{"start":{"line":20,"column":0},"end":{"line":20,"column":34}},"20":{"start":{"line":21,"column":19},"end":{"line":21,"column":53}},"21":{"start":{"line":21,"column":27},"end":{"line":21,"column":52}},"22":{"start":{"line":22,"column":0},"end":{"line":22,"column":32}},"23":{"start":{"line":23,"column":19},"end":{"line":23,"column":54}},"24":{"start":{"line":23,"column":28},"end":{"line":23,"column":53}},"25":{"start":{"line":24,"column":0},"end":{"line":24,"column":32}},"26":{"start":{"line":25,"column":19},"end":{"line":25,"column":53}},"27":{"start":{"line":25,"column":27},"end":{"line":25,"column":52}},"28":{"start":{"line":26,"column":0},"end":{"line":26,"column":32}},"29":{"start":{"line":27,"column":20},"end":{"line":27,"column":55}},"30":{"start":{"line":27,"column":28},"end":{"line":27,"column":54}},"31":{"start":{"line":28,"column":0},"end":{"line":28,"column":34}},"32":{"start":{"line":29,"column":19},"end":{"line":29,"column":84}},"33":{"start":{"line":29,"column":38},"end":{"line":29,"column":83}},"34":{"start":{"line":30,"column":0},"end":{"line":30,"column":32}},"35":{"start":{"line":32,"column":18},"end":{"line":32,"column":91}},"36":{"start":{"line":32,"column":40},"end":{"line":32,"column":90}},"37":{"start":{"line":33,"column":0},"end":{"line":33,"column":30}},"38":{"start":{"line":34,"column":20},"end":{"line":34,"column":80}},"39":{"start":{"line":34,"column":37},"end":{"line":34,"column":79}},"40":{"start":{"line":35,"column":0},"end":{"line":35,"column":34}},"41":{"start":{"line":36,"column":20},"end":{"line":36,"column":96}},"42":{"start":{"line":36,"column":33},"end":{"line":36,"column":95}},"43":{"start":{"line":37,"column":0},"end":{"line":37,"column":34}},"44":{"start":{"line":38,"column":19},"end":{"line":38,"column":90}},"45":{"start":{"line":38,"column":40},"end":{"line":38,"column":89}},"46":{"start":{"line":39,"column":0},"end":{"line":39,"column":32}},"47":{"start":{"line":41,"column":19},"end":{"line":41,"column":57}},"48":{"start":{"line":41,"column":29},"end":{"line":41,"column":56}},"49":{"start":{"line":42,"column":0},"end":{"line":42,"column":32}},"50":{"start":{"line":43,"column":21},"end":{"line":43,"column":97}},"51":{"start":{"line":43,"column":43},"end":{"line":43,"column":96}},"52":{"start":{"line":44,"column":0},"end":{"line":44,"column":36}},"53":{"start":{"line":46,"column":18},"end":{"line":46,"column":44}},"54":{"start":{"line":46,"column":25},"end":{"line":46,"column":44}},"55":{"start":{"line":47,"column":0},"end":{"line":47,"column":30}},"56":{"start":{"line":48,"column":20},"end":{"line":48,"column":48}},"57":{"start":{"line":48,"column":27},"end":{"line":48,"column":48}},"58":{"start":{"line":49,"column":0},"end":{"line":49,"column":34}},"59":{"start":{"line":50,"column":17},"end":{"line":50,"column":42}},"60":{"start":{"line":50,"column":24},"end":{"line":50,"column":42}},"61":{"start":{"line":51,"column":0},"end":{"line":51,"column":28}},"62":{"start":{"line":52,"column":18},"end":{"line":52,"column":44}},"63":{"start":{"line":52,"column":25},"end":{"line":52,"column":44}},"64":{"start":{"line":53,"column":0},"end":{"line":53,"column":30}},"65":{"start":{"line":54,"column":17},"end":{"line":54,"column":42}},"66":{"start":{"line":54,"column":24},"end":{"line":54,"column":42}},"67":{"start":{"line":55,"column":0},"end":{"line":55,"column":28}},"68":{"start":{"line":56,"column":17},"end":{"line":56,"column":42}},"69":{"start":{"line":56,"column":24},"end":{"line":56,"column":42}},"70":{"start":{"line":57,"column":0},"end":{"line":57,"column":28}},"71":{"start":{"line":58,"column":17},"end":{"line":58,"column":42}},"72":{"start":{"line":58,"column":24},"end":{"line":58,"column":42}},"73":{"start":{"line":59,"column":0},"end":{"line":59,"column":28}},"74":{"start":{"line":60,"column":18},"end":{"line":60,"column":44}},"75":{"start":{"line":60,"column":25},"end":{"line":60,"column":44}},"76":{"start":{"line":61,"column":0},"end":{"line":61,"column":30}},"77":{"start":{"line":62,"column":17},"end":{"line":62,"column":42}},"78":{"start":{"line":62,"column":24},"end":{"line":62,"column":42}},"79":{"start":{"line":63,"column":0},"end":{"line":63,"column":28}},"80":{"start":{"line":65,"column":16},"end":{"line":65,"column":40}},"81":{"start":{"line":65,"column":23},"end":{"line":65,"column":40}},"82":{"start":{"line":66,"column":0},"end":{"line":66,"column":26}},"83":{"start":{"line":67,"column":18},"end":{"line":67,"column":44}},"84":{"start":{"line":67,"column":25},"end":{"line":67,"column":44}},"85":{"start":{"line":68,"column":0},"end":{"line":68,"column":30}},"86":{"start":{"line":69,"column":18},"end":{"line":69,"column":44}},"87":{"start":{"line":69,"column":25},"end":{"line":69,"column":44}},"88":{"start":{"line":70,"column":0},"end":{"line":70,"column":30}},"89":{"start":{"line":71,"column":17},"end":{"line":71,"column":42}},"90":{"start":{"line":71,"column":24},"end":{"line":71,"column":42}},"91":{"start":{"line":72,"column":0},"end":{"line":72,"column":28}},"92":{"start":{"line":74,"column":17},"end":{"line":74,"column":42}},"93":{"start":{"line":74,"column":24},"end":{"line":74,"column":42}},"94":{"start":{"line":75,"column":0},"end":{"line":75,"column":28}},"95":{"start":{"line":76,"column":19},"end":{"line":76,"column":46}},"96":{"start":{"line":76,"column":26},"end":{"line":76,"column":46}},"97":{"start":{"line":77,"column":0},"end":{"line":77,"column":32}},"98":{"start":{"line":79,"column":14},"end":{"line":79,"column":74}},"99":{"start":{"line":79,"column":21},"end":{"line":79,"column":74}},"100":{"start":{"line":80,"column":0},"end":{"line":80,"column":22}},"101":{"start":{"line":81,"column":20},"end":{"line":82,"column":56}},"102":{"start":{"line":81,"column":27},"end":{"line":82,"column":56}},"103":{"start":{"line":83,"column":0},"end":{"line":83,"column":34}},"104":{"start":{"line":84,"column":22},"end":{"line":84,"column":195}},"105":{"start":{"line":84,"column":29},"end":{"line":84,"column":195}},"106":{"start":{"line":85,"column":0},"end":{"line":85,"column":38}},"107":{"start":{"line":86,"column":15},"end":{"line":86,"column":82}},"108":{"start":{"line":86,"column":22},"end":{"line":86,"column":82}},"109":{"start":{"line":87,"column":0},"end":{"line":87,"column":24}},"110":{"start":{"line":90,"column":16},"end":{"line":90,"column":89}},"111":{"start":{"line":90,"column":23},"end":{"line":90,"column":89}},"112":{"start":{"line":91,"column":0},"end":{"line":91,"column":26}},"113":{"start":{"line":92,"column":23},"end":{"line":95,"column":86}},"114":{"start":{"line":92,"column":33},"end":{"line":95,"column":86}},"115":{"start":{"line":96,"column":0},"end":{"line":96,"column":40}},"116":{"start":{"line":97,"column":27},"end":{"line":98,"column":117}},"117":{"start":{"line":97,"column":46},"end":{"line":98,"column":117}},"118":{"start":{"line":97,"column":175},"end":{"line":97,"column":205}},"119":{"start":{"line":100,"column":19},"end":{"line":104,"column":55}},"120":{"start":{"line":100,"column":29},"end":{"line":104,"column":55}},"121":{"start":{"line":105,"column":0},"end":{"line":105,"column":32}},"122":{"start":{"line":107,"column":27},"end":{"line":108,"column":48}},"123":{"start":{"line":107,"column":43},"end":{"line":108,"column":48}},"124":{"start":{"line":109,"column":0},"end":{"line":109,"column":48}},"125":{"start":{"line":111,"column":28},"end":{"line":112,"column":27}},"126":{"start":{"line":111,"column":44},"end":{"line":112,"column":27}},"127":{"start":{"line":113,"column":0},"end":{"line":113,"column":50}},"128":{"start":{"line":114,"column":27},"end":{"line":127,"column":58}},"129":{"start":{"line":114,"column":43},"end":{"line":127,"column":58}},"130":{"start":{"line":128,"column":0},"end":{"line":128,"column":48}},"131":{"start":{"line":130,"column":20},"end":{"line":134,"column":59}},"132":{"start":{"line":130,"column":32},"end":{"line":134,"column":59}},"133":{"start":{"line":135,"column":0},"end":{"line":135,"column":34}},"134":{"start":{"line":136,"column":24},"end":{"line":137,"column":135}},"135":{"start":{"line":136,"column":43},"end":{"line":137,"column":135}},"136":{"start":{"line":137,"column":65},"end":{"line":137,"column":134}},"137":{"start":{"line":138,"column":20},"end":{"line":142,"column":54}},"138":{"start":{"line":138,"column":30},"end":{"line":142,"column":54}},"139":{"start":{"line":143,"column":0},"end":{"line":143,"column":34}},"140":{"start":{"line":145,"column":22},"end":{"line":150,"column":83}},"141":{"start":{"line":145,"column":33},"end":{"line":150,"column":83}},"142":{"start":{"line":151,"column":0},"end":{"line":151,"column":38}},"143":{"start":{"line":157,"column":22},"end":{"line":159,"column":60}},"144":{"start":{"line":157,"column":29},"end":{"line":159,"column":60}},"145":{"start":{"line":160,"column":22},"end":{"line":160,"column":82}},"146":{"start":{"line":160,"column":29},"end":{"line":160,"column":82}},"147":{"start":{"line":161,"column":20},"end":{"line":161,"column":219}},"148":{"start":{"line":161,"column":36},"end":{"line":161,"column":219}},"149":{"start":{"line":161,"column":96},"end":{"line":161,"column":218}},"150":{"start":{"line":161,"column":180},"end":{"line":161,"column":217}},"151":{"start":{"line":162,"column":22},"end":{"line":166,"column":1}},"152":{"start":{"line":163,"column":27},"end":{"line":163,"column":63}},"153":{"start":{"line":164,"column":4},"end":{"line":165,"column":93}},"154":{"start":{"line":164,"column":146},"end":{"line":164,"column":241}},"155":{"start":{"line":167,"column":35},"end":{"line":174,"column":1}},"156":{"start":{"line":168,"column":4},"end":{"line":170,"column":5}},"157":{"start":{"line":169,"column":8},"end":{"line":169,"column":85}},"158":{"start":{"line":171,"column":17},"end":{"line":171,"column":54}},"159":{"start":{"line":171,"column":39},"end":{"line":171,"column":43}},"160":{"start":{"line":172,"column":23},"end":{"line":172,"column":110}},"161":{"start":{"line":173,"column":4},"end":{"line":173,"column":107}},"162":{"start":{"line":173,"column":52},"end":{"line":173,"column":105}},"163":{"start":{"line":175,"column":19},"end":{"line":176,"column":141}},"164":{"start":{"line":175,"column":31},"end":{"line":176,"column":141}},"165":{"start":{"line":176,"column":88},"end":{"line":176,"column":140}},"166":{"start":{"line":177,"column":21},"end":{"line":178,"column":87}},"167":{"start":{"line":177,"column":37},"end":{"line":178,"column":87}},"168":{"start":{"line":177,"column":212},"end":{"line":177,"column":288}},"169":{"start":{"line":179,"column":23},"end":{"line":181,"column":94}},"170":{"start":{"line":179,"column":37},"end":{"line":181,"column":94}},"171":{"start":{"line":182,"column":20},"end":{"line":193,"column":1}},"172":{"start":{"line":183,"column":4},"end":{"line":185,"column":5}},"173":{"start":{"line":184,"column":8},"end":{"line":184,"column":83}},"174":{"start":{"line":189,"column":17},"end":{"line":189,"column":54}},"175":{"start":{"line":189,"column":39},"end":{"line":189,"column":43}},"176":{"start":{"line":190,"column":23},"end":{"line":190,"column":110}},"177":{"start":{"line":191,"column":27},"end":{"line":191,"column":122}},"178":{"start":{"line":191,"column":68},"end":{"line":191,"column":121}},"179":{"start":{"line":192,"column":4},"end":{"line":192,"column":183}},"180":{"start":{"line":192,"column":60},"end":{"line":192,"column":181}},"181":{"start":{"line":192,"column":141},"end":{"line":192,"column":180}},"182":{"start":{"line":195,"column":20},"end":{"line":195,"column":121}},"183":{"start":{"line":195,"column":31},"end":{"line":195,"column":121}},"184":{"start":{"line":195,"column":91},"end":{"line":195,"column":120}},"185":{"start":{"line":196,"column":0},"end":{"line":196,"column":34}},"186":{"start":{"line":197,"column":21},"end":{"line":198,"column":20}},"187":{"start":{"line":197,"column":32},"end":{"line":198,"column":20}},"188":{"start":{"line":199,"column":0},"end":{"line":199,"column":36}},"189":{"start":{"line":200,"column":23},"end":{"line":200,"column":206}},"190":{"start":{"line":200,"column":34},"end":{"line":200,"column":206}},"191":{"start":{"line":200,"column":97},"end":{"line":200,"column":205}},"192":{"start":{"line":200,"column":160},"end":{"line":200,"column":204}},"193":{"start":{"line":201,"column":0},"end":{"line":201,"column":40}},"194":{"start":{"line":203,"column":18},"end":{"line":214,"column":78}},"195":{"start":{"line":203,"column":28},"end":{"line":214,"column":78}},"196":{"start":{"line":213,"column":110},"end":{"line":213,"column":232}},"197":{"start":{"line":213,"column":187},"end":{"line":213,"column":231}},"198":{"start":{"line":215,"column":0},"end":{"line":215,"column":30}},"199":{"start":{"line":218,"column":19},"end":{"line":218,"column":40}},"200":{"start":{"line":219,"column":17},"end":{"line":219,"column":44}},"201":{"start":{"line":221,"column":22},"end":{"line":224,"column":23}},"202":{"start":{"line":221,"column":30},"end":{"line":224,"column":23}},"203":{"start":{"line":225,"column":21},"end":{"line":225,"column":80}},"204":{"start":{"line":225,"column":30},"end":{"line":225,"column":80}},"205":{"start":{"line":226,"column":23},"end":{"line":226,"column":121}},"206":{"start":{"line":226,"column":31},"end":{"line":226,"column":121}},"207":{"start":{"line":226,"column":67},"end":{"line":226,"column":72}},"208":{"start":{"line":227,"column":22},"end":{"line":227,"column":165}},"209":{"start":{"line":227,"column":30},"end":{"line":227,"column":165}},"210":{"start":{"line":227,"column":63},"end":{"line":227,"column":112}},"211":{"start":{"line":228,"column":24},"end":{"line":228,"column":122}},"212":{"start":{"line":228,"column":32},"end":{"line":228,"column":122}},"213":{"start":{"line":228,"column":67},"end":{"line":228,"column":72}},"214":{"start":{"line":229,"column":18},"end":{"line":242,"column":55}},"215":{"start":{"line":229,"column":27},"end":{"line":242,"column":55}},"216":{"start":{"line":243,"column":0},"end":{"line":243,"column":30}}},"fnMap":{"0":{"name":"(anonymous_0)","decl":{"start":{"line":13,"column":20},"end":{"line":13,"column":21}},"loc":{"start":{"line":13,"column":31},"end":{"line":13,"column":61}},"line":13},"1":{"name":"(anonymous_1)","decl":{"start":{"line":15,"column":22},"end":{"line":15,"column":23}},"loc":{"start":{"line":15,"column":35},"end":{"line":15,"column":73}},"line":15},"2":{"name":"(anonymous_2)","decl":{"start":{"line":17,"column":19},"end":{"line":17,"column":20}},"loc":{"start":{"line":17,"column":27},"end":{"line":17,"column":52}},"line":17},"3":{"name":"(anonymous_3)","decl":{"start":{"line":19,"column":20},"end":{"line":19,"column":21}},"loc":{"start":{"line":19,"column":28},"end":{"line":19,"column":54}},"line":19},"4":{"name":"(anonymous_4)","decl":{"start":{"line":21,"column":19},"end":{"line":21,"column":20}},"loc":{"start":{"line":21,"column":27},"end":{"line":21,"column":52}},"line":21},"5":{"name":"(anonymous_5)","decl":{"start":{"line":23,"column":19},"end":{"line":23,"column":20}},"loc":{"start":{"line":23,"column":28},"end":{"line":23,"column":53}},"line":23},"6":{"name":"(anonymous_6)","decl":{"start":{"line":25,"column":19},"end":{"line":25,"column":20}},"loc":{"start":{"line":25,"column":27},"end":{"line":25,"column":52}},"line":25},"7":{"name":"(anonymous_7)","decl":{"start":{"line":27,"column":20},"end":{"line":27,"column":21}},"loc":{"start":{"line":27,"column":28},"end":{"line":27,"column":54}},"line":27},"8":{"name":"(anonymous_8)","decl":{"start":{"line":29,"column":19},"end":{"line":29,"column":20}},"loc":{"start":{"line":29,"column":38},"end":{"line":29,"column":83}},"line":29},"9":{"name":"(anonymous_9)","decl":{"start":{"line":32,"column":18},"end":{"line":32,"column":19}},"loc":{"start":{"line":32,"column":40},"end":{"line":32,"column":90}},"line":32},"10":{"name":"(anonymous_10)","decl":{"start":{"line":34,"column":20},"end":{"line":34,"column":21}},"loc":{"start":{"line":34,"column":37},"end":{"line":34,"column":79}},"line":34},"11":{"name":"(anonymous_11)","decl":{"start":{"line":36,"column":20},"end":{"line":36,"column":21}},"loc":{"start":{"line":36,"column":33},"end":{"line":36,"column":95}},"line":36},"12":{"name":"(anonymous_12)","decl":{"start":{"line":38,"column":19},"end":{"line":38,"column":20}},"loc":{"start":{"line":38,"column":40},"end":{"line":38,"column":89}},"line":38},"13":{"name":"(anonymous_13)","decl":{"start":{"line":41,"column":19},"end":{"line":41,"column":20}},"loc":{"start":{"line":41,"column":29},"end":{"line":41,"column":56}},"line":41},"14":{"name":"(anonymous_14)","decl":{"start":{"line":43,"column":21},"end":{"line":43,"column":22}},"loc":{"start":{"line":43,"column":43},"end":{"line":43,"column":96}},"line":43},"15":{"name":"(anonymous_15)","decl":{"start":{"line":46,"column":18},"end":{"line":46,"column":19}},"loc":{"start":{"line":46,"column":25},"end":{"line":46,"column":44}},"line":46},"16":{"name":"(anonymous_16)","decl":{"start":{"line":48,"column":20},"end":{"line":48,"column":21}},"loc":{"start":{"line":48,"column":27},"end":{"line":48,"column":48}},"line":48},"17":{"name":"(anonymous_17)","decl":{"start":{"line":50,"column":17},"end":{"line":50,"column":18}},"loc":{"start":{"line":50,"column":24},"end":{"line":50,"column":42}},"line":50},"18":{"name":"(anonymous_18)","decl":{"start":{"line":52,"column":18},"end":{"line":52,"column":19}},"loc":{"start":{"line":52,"column":25},"end":{"line":52,"column":44}},"line":52},"19":{"name":"(anonymous_19)","decl":{"start":{"line":54,"column":17},"end":{"line":54,"column":18}},"loc":{"start":{"line":54,"column":24},"end":{"line":54,"column":42}},"line":54},"20":{"name":"(anonymous_20)","decl":{"start":{"line":56,"column":17},"end":{"line":56,"column":18}},"loc":{"start":{"line":56,"column":24},"end":{"line":56,"column":42}},"line":56},"21":{"name":"(anonymous_21)","decl":{"start":{"line":58,"column":17},"end":{"line":58,"column":18}},"loc":{"start":{"line":58,"column":24},"end":{"line":58,"column":42}},"line":58},"22":{"name":"(anonymous_22)","decl":{"start":{"line":60,"column":18},"end":{"line":60,"column":19}},"loc":{"start":{"line":60,"column":25},"end":{"line":60,"column":44}},"line":60},"23":{"name":"(anonymous_23)","decl":{"start":{"line":62,"column":17},"end":{"line":62,"column":18}},"loc":{"start":{"line":62,"column":24},"end":{"line":62,"column":42}},"line":62},"24":{"name":"(anonymous_24)","decl":{"start":{"line":65,"column":16},"end":{"line":65,"column":17}},"loc":{"start":{"line":65,"column":23},"end":{"line":65,"column":40}},"line":65},"25":{"name":"(anonymous_25)","decl":{"start":{"line":67,"column":18},"end":{"line":67,"column":19}},"loc":{"start":{"line":67,"column":25},"end":{"line":67,"column":44}},"line":67},"26":{"name":"(anonymous_26)","decl":{"start":{"line":69,"column":18},"end":{"line":69,"column":19}},"loc":{"start":{"line":69,"column":25},"end":{"line":69,"column":44}},"line":69},"27":{"name":"(anonymous_27)","decl":{"start":{"line":71,"column":17},"end":{"line":71,"column":18}},"loc":{"start":{"line":71,"column":24},"end":{"line":71,"column":42}},"line":71},"28":{"name":"(anonymous_28)","decl":{"start":{"line":74,"column":17},"end":{"line":74,"column":18}},"loc":{"start":{"line":74,"column":24},"end":{"line":74,"column":42}},"line":74},"29":{"name":"(anonymous_29)","decl":{"start":{"line":76,"column":19},"end":{"line":76,"column":20}},"loc":{"start":{"line":76,"column":26},"end":{"line":76,"column":46}},"line":76},"30":{"name":"(anonymous_30)","decl":{"start":{"line":79,"column":14},"end":{"line":79,"column":15}},"loc":{"start":{"line":79,"column":21},"end":{"line":79,"column":74}},"line":79},"31":{"name":"(anonymous_31)","decl":{"start":{"line":81,"column":20},"end":{"line":81,"column":21}},"loc":{"start":{"line":81,"column":27},"end":{"line":82,"column":56}},"line":81},"32":{"name":"(anonymous_32)","decl":{"start":{"line":84,"column":22},"end":{"line":84,"column":23}},"loc":{"start":{"line":84,"column":29},"end":{"line":84,"column":195}},"line":84},"33":{"name":"(anonymous_33)","decl":{"start":{"line":86,"column":15},"end":{"line":86,"column":16}},"loc":{"start":{"line":86,"column":22},"end":{"line":86,"column":82}},"line":86},"34":{"name":"(anonymous_34)","decl":{"start":{"line":90,"column":16},"end":{"line":90,"column":17}},"loc":{"start":{"line":90,"column":23},"end":{"line":90,"column":89}},"line":90},"35":{"name":"(anonymous_35)","decl":{"start":{"line":92,"column":23},"end":{"line":92,"column":24}},"loc":{"start":{"line":92,"column":33},"end":{"line":95,"column":86}},"line":92},"36":{"name":"(anonymous_36)","decl":{"start":{"line":97,"column":27},"end":{"line":97,"column":28}},"loc":{"start":{"line":97,"column":46},"end":{"line":98,"column":117}},"line":97},"37":{"name":"(anonymous_37)","decl":{"start":{"line":97,"column":165},"end":{"line":97,"column":166}},"loc":{"start":{"line":97,"column":175},"end":{"line":97,"column":205}},"line":97},"38":{"name":"(anonymous_38)","decl":{"start":{"line":100,"column":19},"end":{"line":100,"column":20}},"loc":{"start":{"line":100,"column":29},"end":{"line":104,"column":55}},"line":100},"39":{"name":"(anonymous_39)","decl":{"start":{"line":107,"column":27},"end":{"line":107,"column":28}},"loc":{"start":{"line":107,"column":43},"end":{"line":108,"column":48}},"line":107},"40":{"name":"(anonymous_40)","decl":{"start":{"line":111,"column":28},"end":{"line":111,"column":29}},"loc":{"start":{"line":111,"column":44},"end":{"line":112,"column":27}},"line":111},"41":{"name":"(anonymous_41)","decl":{"start":{"line":114,"column":27},"end":{"line":114,"column":28}},"loc":{"start":{"line":114,"column":43},"end":{"line":127,"column":58}},"line":114},"42":{"name":"(anonymous_42)","decl":{"start":{"line":130,"column":20},"end":{"line":130,"column":21}},"loc":{"start":{"line":130,"column":32},"end":{"line":134,"column":59}},"line":130},"43":{"name":"(anonymous_43)","decl":{"start":{"line":136,"column":24},"end":{"line":136,"column":25}},"loc":{"start":{"line":136,"column":43},"end":{"line":137,"column":135}},"line":136},"44":{"name":"(anonymous_44)","decl":{"start":{"line":137,"column":54},"end":{"line":137,"column":55}},"loc":{"start":{"line":137,"column":65},"end":{"line":137,"column":134}},"line":137},"45":{"name":"(anonymous_45)","decl":{"start":{"line":138,"column":20},"end":{"line":138,"column":21}},"loc":{"start":{"line":138,"column":30},"end":{"line":142,"column":54}},"line":138},"46":{"name":"(anonymous_46)","decl":{"start":{"line":145,"column":22},"end":{"line":145,"column":23}},"loc":{"start":{"line":145,"column":33},"end":{"line":150,"column":83}},"line":145},"47":{"name":"(anonymous_47)","decl":{"start":{"line":157,"column":22},"end":{"line":157,"column":23}},"loc":{"start":{"line":157,"column":29},"end":{"line":159,"column":60}},"line":157},"48":{"name":"(anonymous_48)","decl":{"start":{"line":160,"column":22},"end":{"line":160,"column":23}},"loc":{"start":{"line":160,"column":29},"end":{"line":160,"column":82}},"line":160},"49":{"name":"(anonymous_49)","decl":{"start":{"line":161,"column":20},"end":{"line":161,"column":21}},"loc":{"start":{"line":161,"column":36},"end":{"line":161,"column":219}},"line":161},"50":{"name":"(anonymous_50)","decl":{"start":{"line":161,"column":85},"end":{"line":161,"column":86}},"loc":{"start":{"line":161,"column":96},"end":{"line":161,"column":218}},"line":161},"51":{"name":"(anonymous_51)","decl":{"start":{"line":161,"column":169},"end":{"line":161,"column":170}},"loc":{"start":{"line":161,"column":180},"end":{"line":161,"column":217}},"line":161},"52":{"name":"(anonymous_52)","decl":{"start":{"line":162,"column":22},"end":{"line":162,"column":23}},"loc":{"start":{"line":162,"column":42},"end":{"line":166,"column":1}},"line":162},"53":{"name":"(anonymous_53)","decl":{"start":{"line":164,"column":139},"end":{"line":164,"column":140}},"loc":{"start":{"line":164,"column":146},"end":{"line":164,"column":241}},"line":164},"54":{"name":"(anonymous_54)","decl":{"start":{"line":167,"column":35},"end":{"line":167,"column":36}},"loc":{"start":{"line":167,"column":49},"end":{"line":174,"column":1}},"line":167},"55":{"name":"(anonymous_55)","decl":{"start":{"line":171,"column":34},"end":{"line":171,"column":35}},"loc":{"start":{"line":171,"column":39},"end":{"line":171,"column":43}},"line":171},"56":{"name":"(anonymous_56)","decl":{"start":{"line":173,"column":42},"end":{"line":173,"column":43}},"loc":{"start":{"line":173,"column":52},"end":{"line":173,"column":105}},"line":173},"57":{"name":"(anonymous_57)","decl":{"start":{"line":175,"column":19},"end":{"line":175,"column":20}},"loc":{"start":{"line":175,"column":31},"end":{"line":176,"column":141}},"line":175},"58":{"name":"(anonymous_58)","decl":{"start":{"line":176,"column":77},"end":{"line":176,"column":78}},"loc":{"start":{"line":176,"column":88},"end":{"line":176,"column":140}},"line":176},"59":{"name":"(anonymous_59)","decl":{"start":{"line":177,"column":21},"end":{"line":177,"column":22}},"loc":{"start":{"line":177,"column":37},"end":{"line":178,"column":87}},"line":177},"60":{"name":"(anonymous_60)","decl":{"start":{"line":177,"column":201},"end":{"line":177,"column":202}},"loc":{"start":{"line":177,"column":212},"end":{"line":177,"column":288}},"line":177},"61":{"name":"(anonymous_61)","decl":{"start":{"line":179,"column":23},"end":{"line":179,"column":24}},"loc":{"start":{"line":179,"column":37},"end":{"line":181,"column":94}},"line":179},"62":{"name":"(anonymous_62)","decl":{"start":{"line":182,"column":20},"end":{"line":182,"column":21}},"loc":{"start":{"line":182,"column":40},"end":{"line":193,"column":1}},"line":182},"63":{"name":"(anonymous_63)","decl":{"start":{"line":189,"column":34},"end":{"line":189,"column":35}},"loc":{"start":{"line":189,"column":39},"end":{"line":189,"column":43}},"line":189},"64":{"name":"(anonymous_64)","decl":{"start":{"line":191,"column":58},"end":{"line":191,"column":59}},"loc":{"start":{"line":191,"column":68},"end":{"line":191,"column":121}},"line":191},"65":{"name":"(anonymous_65)","decl":{"start":{"line":192,"column":46},"end":{"line":192,"column":47}},"loc":{"start":{"line":192,"column":60},"end":{"line":192,"column":181}},"line":192},"66":{"name":"(anonymous_66)","decl":{"start":{"line":192,"column":131},"end":{"line":192,"column":132}},"loc":{"start":{"line":192,"column":141},"end":{"line":192,"column":180}},"line":192},"67":{"name":"(anonymous_67)","decl":{"start":{"line":195,"column":20},"end":{"line":195,"column":21}},"loc":{"start":{"line":195,"column":31},"end":{"line":195,"column":121}},"line":195},"68":{"name":"(anonymous_68)","decl":{"start":{"line":195,"column":81},"end":{"line":195,"column":82}},"loc":{"start":{"line":195,"column":91},"end":{"line":195,"column":120}},"line":195},"69":{"name":"(anonymous_69)","decl":{"start":{"line":197,"column":21},"end":{"line":197,"column":22}},"loc":{"start":{"line":197,"column":32},"end":{"line":198,"column":20}},"line":197},"70":{"name":"(anonymous_70)","decl":{"start":{"line":200,"column":23},"end":{"line":200,"column":24}},"loc":{"start":{"line":200,"column":34},"end":{"line":200,"column":206}},"line":200},"71":{"name":"(anonymous_71)","decl":{"start":{"line":200,"column":87},"end":{"line":200,"column":88}},"loc":{"start":{"line":200,"column":97},"end":{"line":200,"column":205}},"line":200},"72":{"name":"(anonymous_72)","decl":{"start":{"line":200,"column":150},"end":{"line":200,"column":151}},"loc":{"start":{"line":200,"column":160},"end":{"line":200,"column":204}},"line":200},"73":{"name":"(anonymous_73)","decl":{"start":{"line":203,"column":18},"end":{"line":203,"column":19}},"loc":{"start":{"line":203,"column":28},"end":{"line":214,"column":78}},"line":203},"74":{"name":"(anonymous_74)","decl":{"start":{"line":213,"column":100},"end":{"line":213,"column":101}},"loc":{"start":{"line":213,"column":110},"end":{"line":213,"column":232}},"line":213},"75":{"name":"(anonymous_75)","decl":{"start":{"line":213,"column":177},"end":{"line":213,"column":178}},"loc":{"start":{"line":213,"column":187},"end":{"line":213,"column":231}},"line":213},"76":{"name":"(anonymous_76)","decl":{"start":{"line":221,"column":22},"end":{"line":221,"column":23}},"loc":{"start":{"line":221,"column":30},"end":{"line":224,"column":23}},"line":221},"77":{"name":"(anonymous_77)","decl":{"start":{"line":225,"column":21},"end":{"line":225,"column":22}},"loc":{"start":{"line":225,"column":30},"end":{"line":225,"column":80}},"line":225},"78":{"name":"(anonymous_78)","decl":{"start":{"line":226,"column":23},"end":{"line":226,"column":24}},"loc":{"start":{"line":226,"column":31},"end":{"line":226,"column":121}},"line":226},"79":{"name":"(anonymous_79)","decl":{"start":{"line":226,"column":60},"end":{"line":226,"column":61}},"loc":{"start":{"line":226,"column":67},"end":{"line":226,"column":72}},"line":226},"80":{"name":"(anonymous_80)","decl":{"start":{"line":227,"column":22},"end":{"line":227,"column":23}},"loc":{"start":{"line":227,"column":30},"end":{"line":227,"column":165}},"line":227},"81":{"name":"(anonymous_81)","decl":{"start":{"line":227,"column":56},"end":{"line":227,"column":57}},"loc":{"start":{"line":227,"column":63},"end":{"line":227,"column":112}},"line":227},"82":{"name":"(anonymous_82)","decl":{"start":{"line":228,"column":24},"end":{"line":228,"column":25}},"loc":{"start":{"line":228,"column":32},"end":{"line":228,"column":122}},"line":228},"83":{"name":"(anonymous_83)","decl":{"start":{"line":228,"column":60},"end":{"line":228,"column":61}},"loc":{"start":{"line":228,"column":67},"end":{"line":228,"column":72}},"line":228},"84":{"name":"(anonymous_84)","decl":{"start":{"line":229,"column":18},"end":{"line":229,"column":19}},"loc":{"start":{"line":229,"column":27},"end":{"line":242,"column":55}},"line":229}},"branchMap":{"0":{"loc":{"start":{"line":79,"column":21},"end":{"line":79,"column":74}},"type":"binary-expr","locations":[{"start":{"line":79,"column":21},"end":{"line":79,"column":48}},{"start":{"line":79,"column":52},"end":{"line":79,"column":74}}],"line":79},"1":{"loc":{"start":{"line":81,"column":27},"end":{"line":82,"column":56}},"type":"binary-expr","locations":[{"start":{"line":81,"column":27},"end":{"line":81,"column":51}},{"start":{"line":81,"column":55},"end":{"line":81,"column":80}},{"start":{"line":81,"column":84},"end":{"line":81,"column":108}},{"start":{"line":82,"column":4},"end":{"line":82,"column":28}},{"start":{"line":82,"column":32},"end":{"line":82,"column":56}}],"line":81},"2":{"loc":{"start":{"line":84,"column":29},"end":{"line":84,"column":195}},"type":"binary-expr","locations":[{"start":{"line":84,"column":29},"end":{"line":84,"column":53}},{"start":{"line":84,"column":57},"end":{"line":84,"column":80}},{"start":{"line":84,"column":84},"end":{"line":84,"column":109}},{"start":{"line":84,"column":113},"end":{"line":84,"column":137}},{"start":{"line":84,"column":141},"end":{"line":84,"column":165}},{"start":{"line":84,"column":169},"end":{"line":84,"column":195}}],"line":84},"3":{"loc":{"start":{"line":86,"column":22},"end":{"line":86,"column":82}},"type":"binary-expr","locations":[{"start":{"line":86,"column":22},"end":{"line":86,"column":49}},{"start":{"line":86,"column":53},"end":{"line":86,"column":82}}],"line":86},"4":{"loc":{"start":{"line":92,"column":33},"end":{"line":95,"column":86}},"type":"cond-expr","locations":[{"start":{"line":92,"column":76},"end":{"line":92,"column":129}},{"start":{"line":93,"column":4},"end":{"line":95,"column":86}}],"line":92},"5":{"loc":{"start":{"line":92,"column":33},"end":{"line":92,"column":73}},"type":"binary-expr","locations":[{"start":{"line":92,"column":33},"end":{"line":92,"column":44}},{"start":{"line":92,"column":48},"end":{"line":92,"column":73}}],"line":92},"6":{"loc":{"start":{"line":93,"column":4},"end":{"line":95,"column":86}},"type":"cond-expr","locations":[{"start":{"line":93,"column":34},"end":{"line":93,"column":126}},{"start":{"line":94,"column":8},"end":{"line":95,"column":86}}],"line":93},"7":{"loc":{"start":{"line":94,"column":8},"end":{"line":95,"column":86}},"type":"cond-expr","locations":[{"start":{"line":94,"column":43},"end":{"line":94,"column":110}},{"start":{"line":95,"column":12},"end":{"line":95,"column":86}}],"line":94},"8":{"loc":{"start":{"line":97,"column":46},"end":{"line":98,"column":117}},"type":"cond-expr","locations":[{"start":{"line":97,"column":95},"end":{"line":97,"column":206}},{"start":{"line":98,"column":4},"end":{"line":98,"column":117}}],"line":97},"9":{"loc":{"start":{"line":97,"column":46},"end":{"line":97,"column":92}},"type":"binary-expr","locations":[{"start":{"line":97,"column":46},"end":{"line":97,"column":62}},{"start":{"line":97,"column":66},"end":{"line":97,"column":92}}],"line":97},"10":{"loc":{"start":{"line":100,"column":29},"end":{"line":104,"column":55}},"type":"cond-expr","locations":[{"start":{"line":101,"column":4},"end":{"line":102,"column":95}},{"start":{"line":103,"column":4},"end":{"line":104,"column":55}}],"line":100},"11":{"loc":{"start":{"line":101,"column":4},"end":{"line":102,"column":95}},"type":"cond-expr","locations":[{"start":{"line":101,"column":39},"end":{"line":101,"column":119}},{"start":{"line":102,"column":8},"end":{"line":102,"column":95}}],"line":101},"12":{"loc":{"start":{"line":103,"column":4},"end":{"line":104,"column":55}},"type":"cond-expr","locations":[{"start":{"line":103,"column":34},"end":{"line":103,"column":66}},{"start":{"line":104,"column":8},"end":{"line":104,"column":55}}],"line":103},"13":{"loc":{"start":{"line":107,"column":43},"end":{"line":108,"column":48}},"type":"cond-expr","locations":[{"start":{"line":107,"column":61},"end":{"line":107,"column":93}},{"start":{"line":108,"column":4},"end":{"line":108,"column":48}}],"line":107},"14":{"loc":{"start":{"line":111,"column":44},"end":{"line":112,"column":27}},"type":"cond-expr","locations":[{"start":{"line":111,"column":103},"end":{"line":111,"column":146}},{"start":{"line":112,"column":4},"end":{"line":112,"column":27}}],"line":111},"15":{"loc":{"start":{"line":111,"column":44},"end":{"line":111,"column":100}},"type":"binary-expr","locations":[{"start":{"line":111,"column":44},"end":{"line":111,"column":79}},{"start":{"line":111,"column":83},"end":{"line":111,"column":100}}],"line":111},"16":{"loc":{"start":{"line":114,"column":43},"end":{"line":127,"column":58}},"type":"cond-expr","locations":[{"start":{"line":114,"column":73},"end":{"line":114,"column":129}},{"start":{"line":115,"column":4},"end":{"line":127,"column":58}}],"line":114},"17":{"loc":{"start":{"line":115,"column":4},"end":{"line":127,"column":58}},"type":"cond-expr","locations":[{"start":{"line":116,"column":9},"end":{"line":116,"column":163}},{"start":{"line":117,"column":8},"end":{"line":127,"column":58}}],"line":115},"18":{"loc":{"start":{"line":116,"column":9},"end":{"line":116,"column":163}},"type":"cond-expr","locations":[{"start":{"line":116,"column":46},"end":{"line":116,"column":112}},{"start":{"line":116,"column":115},"end":{"line":116,"column":163}}],"line":116},"19":{"loc":{"start":{"line":117,"column":8},"end":{"line":127,"column":58}},"type":"cond-expr","locations":[{"start":{"line":117,"column":22},"end":{"line":117,"column":40}},{"start":{"line":118,"column":12},"end":{"line":127,"column":58}}],"line":117},"20":{"loc":{"start":{"line":118,"column":12},"end":{"line":127,"column":58}},"type":"cond-expr","locations":[{"start":{"line":119,"column":16},"end":{"line":120,"column":68}},{"start":{"line":121,"column":16},"end":{"line":127,"column":58}}],"line":118},"21":{"loc":{"start":{"line":119,"column":16},"end":{"line":120,"column":68}},"type":"cond-expr","locations":[{"start":{"line":119,"column":53},"end":{"line":119,"column":118}},{"start":{"line":120,"column":20},"end":{"line":120,"column":68}}],"line":119},"22":{"loc":{"start":{"line":121,"column":16},"end":{"line":127,"column":58}},"type":"cond-expr","locations":[{"start":{"line":122,"column":20},"end":{"line":123,"column":71}},{"start":{"line":124,"column":20},"end":{"line":127,"column":58}}],"line":121},"23":{"loc":{"start":{"line":122,"column":20},"end":{"line":123,"column":71}},"type":"cond-expr","locations":[{"start":{"line":122,"column":57},"end":{"line":122,"column":121}},{"start":{"line":123,"column":24},"end":{"line":123,"column":71}}],"line":122},"24":{"loc":{"start":{"line":124,"column":20},"end":{"line":127,"column":58}},"type":"cond-expr","locations":[{"start":{"line":125,"column":24},"end":{"line":126,"column":81}},{"start":{"line":127,"column":24},"end":{"line":127,"column":58}}],"line":124},"25":{"loc":{"start":{"line":125,"column":24},"end":{"line":126,"column":81}},"type":"cond-expr","locations":[{"start":{"line":125,"column":61},"end":{"line":125,"column":112}},{"start":{"line":126,"column":28},"end":{"line":126,"column":81}}],"line":125},"26":{"loc":{"start":{"line":130,"column":32},"end":{"line":134,"column":59}},"type":"cond-expr","locations":[{"start":{"line":131,"column":4},"end":{"line":133,"column":82}},{"start":{"line":134,"column":4},"end":{"line":134,"column":59}}],"line":130},"27":{"loc":{"start":{"line":131,"column":4},"end":{"line":133,"column":82}},"type":"cond-expr","locations":[{"start":{"line":131,"column":52},"end":{"line":131,"column":140}},{"start":{"line":132,"column":8},"end":{"line":133,"column":82}}],"line":131},"28":{"loc":{"start":{"line":132,"column":8},"end":{"line":133,"column":82}},"type":"cond-expr","locations":[{"start":{"line":132,"column":30},"end":{"line":132,"column":117}},{"start":{"line":133,"column":12},"end":{"line":133,"column":82}}],"line":132},"29":{"loc":{"start":{"line":136,"column":43},"end":{"line":137,"column":135}},"type":"cond-expr","locations":[{"start":{"line":136,"column":92},"end":{"line":136,"column":197}},{"start":{"line":137,"column":4},"end":{"line":137,"column":135}}],"line":136},"30":{"loc":{"start":{"line":138,"column":30},"end":{"line":142,"column":54}},"type":"cond-expr","locations":[{"start":{"line":139,"column":4},"end":{"line":140,"column":65}},{"start":{"line":141,"column":4},"end":{"line":142,"column":54}}],"line":138},"31":{"loc":{"start":{"line":139,"column":4},"end":{"line":140,"column":65}},"type":"cond-expr","locations":[{"start":{"line":139,"column":39},"end":{"line":139,"column":120}},{"start":{"line":140,"column":8},"end":{"line":140,"column":65}}],"line":139},"32":{"loc":{"start":{"line":141,"column":4},"end":{"line":142,"column":54}},"type":"cond-expr","locations":[{"start":{"line":141,"column":34},"end":{"line":141,"column":66}},{"start":{"line":142,"column":8},"end":{"line":142,"column":54}}],"line":141},"33":{"loc":{"start":{"line":145,"column":33},"end":{"line":150,"column":83}},"type":"cond-expr","locations":[{"start":{"line":145,"column":50},"end":{"line":145,"column":102}},{"start":{"line":146,"column":4},"end":{"line":150,"column":83}}],"line":145},"34":{"loc":{"start":{"line":146,"column":4},"end":{"line":150,"column":83}},"type":"cond-expr","locations":[{"start":{"line":146,"column":21},"end":{"line":146,"column":74}},{"start":{"line":147,"column":8},"end":{"line":150,"column":83}}],"line":146},"35":{"loc":{"start":{"line":147,"column":8},"end":{"line":150,"column":83}},"type":"cond-expr","locations":[{"start":{"line":147,"column":98},"end":{"line":147,"column":151}},{"start":{"line":148,"column":12},"end":{"line":150,"column":83}}],"line":147},"36":{"loc":{"start":{"line":147,"column":8},"end":{"line":147,"column":95}},"type":"binary-expr","locations":[{"start":{"line":147,"column":8},"end":{"line":147,"column":46}},{"start":{"line":147,"column":50},"end":{"line":147,"column":95}}],"line":147},"37":{"loc":{"start":{"line":148,"column":12},"end":{"line":150,"column":83}},"type":"cond-expr","locations":[{"start":{"line":148,"column":77},"end":{"line":148,"column":129}},{"start":{"line":149,"column":16},"end":{"line":150,"column":83}}],"line":148},"38":{"loc":{"start":{"line":148,"column":12},"end":{"line":148,"column":74}},"type":"binary-expr","locations":[{"start":{"line":148,"column":12},"end":{"line":148,"column":50}},{"start":{"line":148,"column":54},"end":{"line":148,"column":74}}],"line":148},"39":{"loc":{"start":{"line":149,"column":16},"end":{"line":150,"column":83}},"type":"cond-expr","locations":[{"start":{"line":149,"column":57},"end":{"line":149,"column":109}},{"start":{"line":150,"column":20},"end":{"line":150,"column":83}}],"line":149},"40":{"loc":{"start":{"line":164,"column":11},"end":{"line":165,"column":92}},"type":"cond-expr","locations":[{"start":{"line":164,"column":104},"end":{"line":164,"column":242}},{"start":{"line":165,"column":8},"end":{"line":165,"column":92}}],"line":164},"41":{"loc":{"start":{"line":164,"column":11},"end":{"line":164,"column":101}},"type":"binary-expr","locations":[{"start":{"line":164,"column":11},"end":{"line":164,"column":47}},{"start":{"line":164,"column":51},"end":{"line":164,"column":101}}],"line":164},"42":{"loc":{"start":{"line":168,"column":4},"end":{"line":170,"column":5}},"type":"if","locations":[{"start":{"line":168,"column":4},"end":{"line":170,"column":5}},{"start":{"line":168,"column":4},"end":{"line":170,"column":5}}],"line":168},"43":{"loc":{"start":{"line":175,"column":31},"end":{"line":176,"column":141}},"type":"cond-expr","locations":[{"start":{"line":175,"column":53},"end":{"line":175,"column":167}},{"start":{"line":176,"column":4},"end":{"line":176,"column":141}}],"line":175},"44":{"loc":{"start":{"line":177,"column":37},"end":{"line":178,"column":87}},"type":"cond-expr","locations":[{"start":{"line":177,"column":130},"end":{"line":177,"column":289}},{"start":{"line":178,"column":4},"end":{"line":178,"column":87}}],"line":177},"45":{"loc":{"start":{"line":177,"column":37},"end":{"line":177,"column":127}},"type":"binary-expr","locations":[{"start":{"line":177,"column":37},"end":{"line":177,"column":73}},{"start":{"line":177,"column":77},"end":{"line":177,"column":127}}],"line":177},"46":{"loc":{"start":{"line":179,"column":37},"end":{"line":181,"column":94}},"type":"binary-expr","locations":[{"start":{"line":179,"column":37},"end":{"line":179,"column":77}},{"start":{"line":180,"column":4},"end":{"line":180,"column":55}},{"start":{"line":181,"column":4},"end":{"line":181,"column":94}}],"line":179},"47":{"loc":{"start":{"line":183,"column":4},"end":{"line":185,"column":5}},"type":"if","locations":[{"start":{"line":183,"column":4},"end":{"line":185,"column":5}},{"start":{"line":183,"column":4},"end":{"line":185,"column":5}}],"line":183},"48":{"loc":{"start":{"line":197,"column":32},"end":{"line":198,"column":20}},"type":"binary-expr","locations":[{"start":{"line":197,"column":32},"end":{"line":197,"column":50}},{"start":{"line":198,"column":4},"end":{"line":198,"column":20}}],"line":197},"49":{"loc":{"start":{"line":203,"column":28},"end":{"line":214,"column":78}},"type":"cond-expr","locations":[{"start":{"line":203,"column":44},"end":{"line":203,"column":70}},{"start":{"line":204,"column":4},"end":{"line":214,"column":78}}],"line":203},"50":{"loc":{"start":{"line":204,"column":4},"end":{"line":214,"column":78}},"type":"cond-expr","locations":[{"start":{"line":204,"column":20},"end":{"line":204,"column":47}},{"start":{"line":205,"column":8},"end":{"line":214,"column":78}}],"line":204},"51":{"loc":{"start":{"line":205,"column":8},"end":{"line":214,"column":78}},"type":"cond-expr","locations":[{"start":{"line":205,"column":96},"end":{"line":205,"column":123}},{"start":{"line":206,"column":12},"end":{"line":214,"column":78}}],"line":205},"52":{"loc":{"start":{"line":205,"column":8},"end":{"line":205,"column":93}},"type":"binary-expr","locations":[{"start":{"line":205,"column":8},"end":{"line":205,"column":45}},{"start":{"line":205,"column":49},"end":{"line":205,"column":93}}],"line":205},"53":{"loc":{"start":{"line":206,"column":12},"end":{"line":214,"column":78}},"type":"cond-expr","locations":[{"start":{"line":206,"column":47},"end":{"line":206,"column":84}},{"start":{"line":207,"column":16},"end":{"line":214,"column":78}}],"line":206},"54":{"loc":{"start":{"line":207,"column":16},"end":{"line":214,"column":78}},"type":"cond-expr","locations":[{"start":{"line":207,"column":56},"end":{"line":207,"column":114}},{"start":{"line":208,"column":20},"end":{"line":214,"column":78}}],"line":207},"55":{"loc":{"start":{"line":208,"column":20},"end":{"line":214,"column":78}},"type":"cond-expr","locations":[{"start":{"line":208,"column":40},"end":{"line":208,"column":93}},{"start":{"line":209,"column":24},"end":{"line":214,"column":78}}],"line":208},"56":{"loc":{"start":{"line":209,"column":24},"end":{"line":214,"column":78}},"type":"cond-expr","locations":[{"start":{"line":209,"column":58},"end":{"line":209,"column":91}},{"start":{"line":210,"column":28},"end":{"line":214,"column":78}}],"line":209},"57":{"loc":{"start":{"line":210,"column":28},"end":{"line":214,"column":78}},"type":"cond-expr","locations":[{"start":{"line":212,"column":28},"end":{"line":213,"column":233}},{"start":{"line":214,"column":32},"end":{"line":214,"column":78}}],"line":210},"58":{"loc":{"start":{"line":212,"column":28},"end":{"line":213,"column":233}},"type":"cond-expr","locations":[{"start":{"line":212,"column":62},"end":{"line":212,"column":137}},{"start":{"line":213,"column":32},"end":{"line":213,"column":233}}],"line":212},"59":{"loc":{"start":{"line":221,"column":30},"end":{"line":224,"column":23}},"type":"cond-expr","locations":[{"start":{"line":221,"column":68},"end":{"line":221,"column":73}},{"start":{"line":222,"column":4},"end":{"line":224,"column":23}}],"line":221},"60":{"loc":{"start":{"line":222,"column":4},"end":{"line":224,"column":23}},"type":"cond-expr","locations":[{"start":{"line":222,"column":43},"end":{"line":222,"column":86}},{"start":{"line":223,"column":8},"end":{"line":224,"column":23}}],"line":222},"61":{"loc":{"start":{"line":223,"column":8},"end":{"line":224,"column":23}},"type":"cond-expr","locations":[{"start":{"line":223,"column":49},"end":{"line":223,"column":92}},{"start":{"line":224,"column":12},"end":{"line":224,"column":23}}],"line":223},"62":{"loc":{"start":{"line":229,"column":27},"end":{"line":242,"column":55}},"type":"cond-expr","locations":[{"start":{"line":229,"column":57},"end":{"line":229,"column":95}},{"start":{"line":230,"column":4},"end":{"line":242,"column":55}}],"line":229},"63":{"loc":{"start":{"line":230,"column":4},"end":{"line":242,"column":55}},"type":"cond-expr","locations":[{"start":{"line":230,"column":33},"end":{"line":230,"column":71}},{"start":{"line":231,"column":8},"end":{"line":242,"column":55}}],"line":230},"64":{"loc":{"start":{"line":231,"column":8},"end":{"line":242,"column":55}},"type":"cond-expr","locations":[{"start":{"line":231,"column":37},"end":{"line":231,"column":75}},{"start":{"line":232,"column":12},"end":{"line":242,"column":55}}],"line":231},"65":{"loc":{"start":{"line":232,"column":12},"end":{"line":242,"column":55}},"type":"cond-expr","locations":[{"start":{"line":232,"column":41},"end":{"line":232,"column":59}},{"start":{"line":233,"column":16},"end":{"line":242,"column":55}}],"line":232},"66":{"loc":{"start":{"line":233,"column":16},"end":{"line":242,"column":55}},"type":"cond-expr","locations":[{"start":{"line":233,"column":45},"end":{"line":233,"column":52}},{"start":{"line":234,"column":20},"end":{"line":242,"column":55}}],"line":233},"67":{"loc":{"start":{"line":234,"column":20},"end":{"line":242,"column":55}},"type":"cond-expr","locations":[{"start":{"line":234,"column":50},"end":{"line":234,"column":69}},{"start":{"line":235,"column":24},"end":{"line":242,"column":55}}],"line":234},"68":{"loc":{"start":{"line":235,"column":24},"end":{"line":242,"column":55}},"type":"cond-expr","locations":[{"start":{"line":235,"column":52},"end":{"line":235,"column":165}},{"start":{"line":236,"column":28},"end":{"line":242,"column":55}}],"line":235},"69":{"loc":{"start":{"line":236,"column":28},"end":{"line":242,"column":55}},"type":"cond-expr","locations":[{"start":{"line":236,"column":57},"end":{"line":236,"column":124}},{"start":{"line":237,"column":32},"end":{"line":242,"column":55}}],"line":236},"70":{"loc":{"start":{"line":237,"column":32},"end":{"line":242,"column":55}},"type":"cond-expr","locations":[{"start":{"line":237,"column":61},"end":{"line":237,"column":67}},{"start":{"line":238,"column":36},"end":{"line":242,"column":55}}],"line":237},"71":{"loc":{"start":{"line":238,"column":36},"end":{"line":242,"column":55}},"type":"cond-expr","locations":[{"start":{"line":238,"column":65},"end":{"line":238,"column":83}},{"start":{"line":239,"column":40},"end":{"line":242,"column":55}}],"line":238},"72":{"loc":{"start":{"line":239,"column":40},"end":{"line":242,"column":55}},"type":"cond-expr","locations":[{"start":{"line":239,"column":72},"end":{"line":239,"column":132}},{"start":{"line":240,"column":44},"end":{"line":242,"column":55}}],"line":239},"73":{"loc":{"start":{"line":240,"column":44},"end":{"line":242,"column":55}},"type":"cond-expr","locations":[{"start":{"line":240,"column":74},"end":{"line":240,"column":106}},{"start":{"line":241,"column":48},"end":{"line":242,"column":55}}],"line":240},"74":{"loc":{"start":{"line":241,"column":48},"end":{"line":242,"column":55}},"type":"cond-expr","locations":[{"start":{"line":241,"column":79},"end":{"line":241,"column":99}},{"start":{"line":242,"column":52},"end":{"line":242,"column":55}}],"line":241}},"s":{"0":1,"1":1,"2":1,"3":1,"4":1,"5":1,"6":1,"7":1,"8":1,"9":15,"10":1,"11":1,"12":23,"13":1,"14":1,"15":30,"16":1,"17":1,"18":2,"19":1,"20":1,"21":0,"22":1,"23":1,"24":1,"25":1,"26":1,"27":60,"28":1,"29":1,"30":75,"31":1,"32":1,"33":45,"34":1,"35":1,"36":1,"37":1,"38":1,"39":18,"40":1,"41":1,"42":18,"43":1,"44":1,"45":1,"46":1,"47":1,"48":12,"49":1,"50":1,"51":16,"52":1,"53":1,"54":3,"55":1,"56":1,"57":24,"58":1,"59":1,"60":44,"61":1,"62":1,"63":46,"64":1,"65":1,"66":40,"67":1,"68":1,"69":30,"70":1,"71":1,"72":38,"73":1,"74":1,"75":0,"76":1,"77":1,"78":31,"79":1,"80":1,"81":32,"82":1,"83":1,"84":32,"85":1,"86":1,"87":0,"88":1,"89":1,"90":21,"91":1,"92":1,"93":38,"94":1,"95":1,"96":2,"97":1,"98":1,"99":0,"100":1,"101":1,"102":2,"103":1,"104":1,"105":2,"106":1,"107":1,"108":2,"109":1,"110":1,"111":15,"112":1,"113":1,"114":15,"115":1,"116":1,"117":15,"118":15,"119":1,"120":40,"121":1,"122":1,"123":36,"124":1,"125":1,"126":94,"127":1,"128":1,"129":49,"130":1,"131":1,"132":23,"133":1,"134":1,"135":23,"136":23,"137":1,"138":170,"139":1,"140":1,"141":93,"142":1,"143":1,"144":61,"145":1,"146":90,"147":1,"148":45,"149":45,"150":45,"151":1,"152":17,"153":17,"154":16,"155":1,"156":17,"157":0,"158":17,"159":16,"160":17,"161":17,"162":17,"163":1,"164":1,"165":1,"166":1,"167":18,"168":18,"169":1,"170":18,"171":1,"172":1,"173":0,"174":1,"175":2,"176":1,"177":1,"178":1,"179":1,"180":1,"181":1,"182":1,"183":12,"184":12,"185":1,"186":1,"187":0,"188":1,"189":1,"190":0,"191":0,"192":0,"193":1,"194":1,"195":12,"196":0,"197":0,"198":1,"199":1,"200":1,"201":1,"202":2,"203":1,"204":7,"205":1,"206":0,"207":0,"208":1,"209":1,"210":2,"211":1,"212":2,"213":4,"214":1,"215":24,"216":1},"f":{"0":15,"1":23,"2":30,"3":2,"4":0,"5":1,"6":60,"7":75,"8":45,"9":1,"10":18,"11":18,"12":1,"13":12,"14":16,"15":3,"16":24,"17":44,"18":46,"19":40,"20":30,"21":38,"22":0,"23":31,"24":32,"25":32,"26":0,"27":21,"28":38,"29":2,"30":0,"31":2,"32":2,"33":2,"34":15,"35":15,"36":15,"37":15,"38":40,"39":36,"40":94,"41":49,"42":23,"43":23,"44":23,"45":170,"46":93,"47":61,"48":90,"49":45,"50":45,"51":45,"52":17,"53":16,"54":17,"55":16,"56":17,"57":1,"58":1,"59":18,"60":18,"61":18,"62":1,"63":2,"64":1,"65":1,"66":1,"67":12,"68":12,"69":0,"70":0,"71":0,"72":0,"73":12,"74":0,"75":0,"76":2,"77":7,"78":0,"79":0,"80":1,"81":2,"82":2,"83":4,"84":24},"b":{"0":[0,0],"1":[2,2,2,2,2],"2":[2,0,0,0,0,0],"3":[2,2],"4":[0,15],"5":[15,15],"6":[0,15],"7":[15,0],"8":[15,0],"9":[15,15],"10":[36,4],"11":[36,0],"12":[4,0],"13":[23,13],"14":[49,45],"15":[94,90],"16":[0,49],"17":[17,32],"18":[17,0],"19":[1,31],"20":[18,13],"21":[18,0],"22":[1,12],"23":[1,0],"24":[12,0],"25":[12,0],"26":[23,0],"27":[0,23],"28":[0,23],"29":[0,23],"30":[81,89],"31":[81,0],"32":[89,0],"33":[1,92],"34":[1,91],"35":[30,61],"36":[91,91],"37":[1,60],"38":[61,61],"39":[60,0],"40":[16,1],"41":[17,17],"42":[0,17],"43":[0,1],"44":[18,0],"45":[18,18],"46":[18,18,18],"47":[0,1],"48":[0,0],"49":[0,12],"50":[0,12],"51":[0,12],"52":[12,12],"53":[0,12],"54":[12,0],"55":[0,0],"56":[0,0],"57":[0,0],"58":[0,0],"59":[0,2],"60":[2,0],"61":[0,0],"62":[2,22],"63":[4,18],"64":[0,18],"65":[2,16],"66":[4,12],"67":[0,12],"68":[1,11],"69":[5,6],"70":[1,5],"71":[1,4],"72":[1,3],"73":[1,2],"74":[2,0]},"inputSourceMap":{"version":3,"file":"D:/degree/ppl/assignment2/L3/L3-ast.ts","sources":["D:/degree/ppl/assignment2/L3/L3-ast.ts"],"names":[],"mappings":";;;AAAA,8DAA8D;AAC9D,kBAAkB;AAClB,iCAAqC;AACrC,yCAAsG;AACtG,yCAA0F;AAC1F,+DAA6F;AAC7F,6CAA4F;AAC5F,6CAAqF;AA+DrF,6CAA6C;AACtC,MAAM,WAAW,GAAG,CAAC,IAAW,EAAW,EAAE,CAAC,CAAC,EAAC,GAAG,EAAE,SAAS,EAAE,IAAI,EAAE,IAAI,EAAC,CAAC,CAAC;AAAvE,QAAA,WAAW,eAA4D;AAC7E,MAAM,aAAa,GAAG,CAAC,CAAU,EAAE,GAAS,EAAa,EAAE,CAC9D,CAAC,EAAC,GAAG,EAAE,WAAW,EAAE,GAAG,EAAE,CAAC,EAAE,GAAG,EAAE,GAAG,EAAC,CAAC,CAAC;AAD9B,QAAA,aAAa,iBACiB;AACpC,MAAM,UAAU,GAAG,CAAC,CAAS,EAAU,EAAE,CAAC,CAAC,EAAC,GAAG,EAAE,QAAQ,EAAE,GAAG,EAAE,CAAC,EAAC,CAAC,CAAC;AAA9D,QAAA,UAAU,cAAoD;AACpE,MAAM,WAAW,GAAG,CAAC,CAAU,EAAW,EAAE,CAAC,CAAC,EAAC,GAAG,EAAE,SAAS,EAAE,GAAG,EAAE,CAAC,EAAC,CAAC,CAAC;AAAlE,QAAA,WAAW,eAAuD;AACxE,MAAM,UAAU,GAAG,CAAC,CAAS,EAAU,EAAE,CAAC,CAAC,EAAC,GAAG,EAAE,QAAQ,EAAE,GAAG,EAAE,CAAC,EAAC,CAAC,CAAC;AAA9D,QAAA,UAAU,cAAoD;AACpE,MAAM,UAAU,GAAG,CAAC,EAAU,EAAU,EAAE,CAAC,CAAC,EAAC,GAAG,EAAE,QAAQ,EAAE,EAAE,EAAE,EAAE,EAAC,CAAC,CAAC;AAA/D,QAAA,UAAU,cAAqD;AACrE,MAAM,UAAU,GAAG,CAAC,CAAS,EAAU,EAAE,CAAC,CAAC,EAAC,GAAG,EAAE,QAAQ,EAAE,GAAG,EAAE,CAAC,EAAC,CAAC,CAAC;AAA9D,QAAA,UAAU,cAAoD;AACpE,MAAM,WAAW,GAAG,CAAC,CAAS,EAAW,EAAE,CAAC,CAAC,EAAC,GAAG,EAAE,SAAS,EAAE,GAAG,EAAE,CAAC,EAAC,CAAC,CAAC;AAAjE,QAAA,WAAW,eAAsD;AACvE,MAAM,UAAU,GAAG,CAAC,KAAW,EAAE,KAAa,EAAU,EAAE,CAC7D,CAAC,EAAC,GAAG,EAAE,QAAQ,EAAE,KAAK,EAAE,KAAK,EAAE,KAAK,EAAE,KAAK,EAAC,CAAC,CAAC;AADrC,QAAA,UAAU,cAC2B;AAClD,KAAK;AACE,MAAM,SAAS,GAAG,CAAC,IAAU,EAAE,IAAU,EAAE,GAAS,EAAS,EAAE,CAClE,CAAC,EAAC,GAAG,EAAE,OAAO,EAAE,IAAI,EAAE,IAAI,EAAE,IAAI,EAAE,IAAI,EAAE,GAAG,EAAE,GAAG,EAAC,CAAC,CAAC;AAD1C,QAAA,SAAS,aACiC;AAChD,MAAM,WAAW,GAAG,CAAC,IAAe,EAAE,IAAY,EAAW,EAAE,CAClE,CAAC,EAAC,GAAG,EAAE,SAAS,EAAE,IAAI,EAAE,IAAI,EAAE,IAAI,EAAE,IAAI,EAAC,CAAC,CAAC;AADlC,QAAA,WAAW,eACuB;AACxC,MAAM,WAAW,GAAG,CAAC,CAAS,EAAE,GAAS,EAAW,EAAE,CACzD,CAAC,EAAC,GAAG,EAAE,SAAS,EAAE,GAAG,EAAE,IAAA,mBAAW,EAAC,CAAC,CAAC,EAAE,GAAG,EAAE,GAAG,EAAC,CAAC,CAAC;AADzC,QAAA,WAAW,eAC8B;AAC/C,MAAM,UAAU,GAAG,CAAC,QAAmB,EAAE,IAAY,EAAU,EAAE,CACpE,CAAC,EAAC,GAAG,EAAE,QAAQ,EAAE,QAAQ,EAAE,QAAQ,EAAE,IAAI,EAAE,IAAI,EAAC,CAAC,CAAC;AADzC,QAAA,UAAU,cAC+B;AACtD,KAAK;AACE,MAAM,UAAU,GAAG,CAAC,GAAc,EAAU,EAAE,CACjD,CAAC,EAAC,GAAG,EAAE,QAAQ,EAAE,GAAG,EAAE,GAAG,EAAC,CAAC,CAAC;AADnB,QAAA,UAAU,cACS;AACzB,MAAM,YAAY,GAAG,CAAC,MAAiB,EAAE,OAAkB,EAAY,EAAE,CAC3E,CAAC,EAAC,GAAG,EAAE,UAAU,EAAE,MAAM,EAAC,MAAM,EAAE,OAAO,EAAC,OAAO,EAAC,CAAC,CAAC;AAD5C,QAAA,YAAY,gBACgC;AAEzD,qCAAqC;AAC9B,MAAM,SAAS,GAAG,CAAC,CAAM,EAAgB,EAAE,CAAC,CAAC,CAAC,GAAG,KAAK,SAAS,CAAC;AAA1D,QAAA,SAAS,aAAiD;AAChE,MAAM,WAAW,GAAG,CAAC,CAAM,EAAkB,EAAE,CAAC,CAAC,CAAC,GAAG,KAAK,WAAW,CAAC;AAAhE,QAAA,WAAW,eAAqD;AAEtE,MAAM,QAAQ,GAAG,CAAC,CAAM,EAAe,EAAE,CAAC,CAAC,CAAC,GAAG,KAAK,QAAQ,CAAC;AAAvD,QAAA,QAAQ,YAA+C;AAC7D,MAAM,SAAS,GAAG,CAAC,CAAM,EAAgB,EAAE,CAAC,CAAC,CAAC,GAAG,KAAK,SAAS,CAAC;AAA1D,QAAA,SAAS,aAAiD;AAChE,MAAM,QAAQ,GAAG,CAAC,CAAM,EAAe,EAAE,CAAC,CAAC,CAAC,GAAG,KAAK,QAAQ,CAAC;AAAvD,QAAA,QAAQ,YAA+C;AAC7D,MAAM,QAAQ,GAAG,CAAC,CAAM,EAAe,EAAE,CAAC,CAAC,CAAC,GAAG,KAAK,QAAQ,CAAC;AAAvD,QAAA,QAAQ,YAA+C;AAC7D,MAAM,QAAQ,GAAG,CAAC,CAAM,EAAe,EAAE,CAAC,CAAC,CAAC,GAAG,KAAK,QAAQ,CAAC;AAAvD,QAAA,QAAQ,YAA+C;AAC7D,MAAM,SAAS,GAAG,CAAC,CAAM,EAAgB,EAAE,CAAC,CAAC,CAAC,GAAG,KAAK,SAAS,CAAC;AAA1D,QAAA,SAAS,aAAiD;AAChE,MAAM,QAAQ,GAAG,CAAC,CAAM,EAAe,EAAE,CAAC,CAAC,CAAC,GAAG,KAAK,QAAQ,CAAC;AAAvD,QAAA,QAAQ,YAA+C;AACpE,KAAK;AACE,MAAM,OAAO,GAAG,CAAC,CAAM,EAAc,EAAE,CAAC,CAAC,CAAC,GAAG,KAAK,OAAO,CAAC;AAApD,QAAA,OAAO,WAA6C;AAC1D,MAAM,SAAS,GAAG,CAAC,CAAM,EAAgB,EAAE,CAAC,CAAC,CAAC,GAAG,KAAK,SAAS,CAAC;AAA1D,QAAA,SAAS,aAAiD;AAChE,MAAM,SAAS,GAAG,CAAC,CAAM,EAAgB,EAAE,CAAC,CAAC,CAAC,GAAG,KAAK,SAAS,CAAC;AAA1D,QAAA,SAAS,aAAiD;AAChE,MAAM,QAAQ,GAAG,CAAC,CAAM,EAAe,EAAE,CAAC,CAAC,CAAC,GAAG,KAAK,QAAQ,CAAC;AAAvD,QAAA,QAAQ,YAA+C;AACpE,KAAK;AACE,MAAM,QAAQ,GAAG,CAAC,CAAM,EAAe,EAAE,CAAC,CAAC,CAAC,GAAG,KAAK,QAAQ,CAAC;AAAvD,QAAA,QAAQ,YAA+C;AAC7D,MAAM,UAAU,GAAG,CAAC,CAAM,EAAiB,EAAE,CAAC,CAAC,CAAC,GAAG,KAAK,UAAU,CAAC;AAA7D,QAAA,UAAU,cAAmD;AAE1E,kCAAkC;AAC3B,MAAM,KAAK,GAAG,CAAC,CAAM,EAAY,EAAE,CAAC,IAAA,mBAAW,EAAC,CAAC,CAAC,IAAI,IAAA,cAAM,EAAC,CAAC,CAAC,CAAC;AAA1D,QAAA,KAAK,SAAqD;AAChE,MAAM,WAAW,GAAG,CAAC,CAAM,EAAkB,EAAE,CAClD,IAAA,gBAAQ,EAAC,CAAC,CAAC,IAAI,IAAA,iBAAS,EAAC,CAAC,CAAC,IAAI,IAAA,gBAAQ,EAAC,CAAC,CAAC;IAC1C,IAAA,gBAAQ,EAAC,CAAC,CAAC,IAAI,IAAA,gBAAQ,EAAC,CAAC,CAAC,CAAC;AAFlB,QAAA,WAAW,eAEO;AACxB,MAAM,aAAa,GAAG,CAAC,CAAM,EAAoB,EAAE,CACtD,IAAA,gBAAQ,EAAC,CAAC,CAAC,IAAI,IAAA,eAAO,EAAC,CAAC,CAAC,IAAI,IAAA,iBAAS,EAAC,CAAC,CAAC,IAAI,IAAA,gBAAQ,EAAC,CAAC,CAAC,IAAI,IAAA,gBAAQ,EAAC,CAAC,CAAC,IAAK,IAAA,kBAAU,EAAC,CAAC,CAAC,CAAC;AADjF,QAAA,aAAa,iBACoE;AACvF,MAAM,MAAM,GAAG,CAAC,CAAM,EAAa,EAAE,CACxC,IAAA,mBAAW,EAAC,CAAC,CAAC,IAAI,IAAA,qBAAa,EAAC,CAAC,CAAC,CAAC;AAD1B,QAAA,MAAM,UACoB;AAEvC,2DAA2D;AAC3D,UAAU;AAEH,MAAM,OAAO,GAAG,CAAC,CAAS,EAAmB,EAAE,CAClD,IAAA,aAAI,EAAC,IAAA,cAAC,EAAC,CAAC,CAAC,EAAE,sBAAc,CAAC,CAAC;AADlB,QAAA,OAAO,WACW;AAExB,MAAM,cAAc,GAAG,CAAC,IAAU,EAAmB,EAAE,CAC1D,IAAI,KAAK,EAAE,IAAI,IAAA,cAAO,EAAC,IAAI,CAAC,CAAC,CAAC,CAAC,IAAA,oBAAW,EAAC,0BAA0B,CAAC,CAAC,CAAC;IACxE,IAAA,gBAAO,EAAC,IAAI,CAAC,CAAC,CAAC,CAAC,IAAA,oBAAW,EAAC,qCAAqC,IAAA,eAAM,EAAC,IAAI,CAAC,EAAE,CAAC,CAAC,CAAC;QAClF,IAAA,qBAAc,EAAO,IAAI,CAAC,CAAC,CAAC,CAAC,kBAAkB,CAAC,IAAA,YAAK,EAAC,IAAI,CAAC,EAAE,IAAA,WAAI,EAAC,IAAI,CAAC,CAAC,CAAC,CAAC;YAC1E,IAAA,oBAAW,EAAC,mBAAmB,IAAA,eAAM,EAAC,IAAI,CAAC,EAAE,CAAC,CAAC;AAJtC,QAAA,cAAc,kBAIwB;AAEnD,MAAM,kBAAkB,GAAG,CAAC,OAAa,EAAE,IAAY,EAAmB,EAAE,CACxE,OAAO,KAAK,IAAI,IAAI,CAAC,IAAA,cAAO,EAAC,IAAI,CAAC,CAAC,CAAC,CAAC,IAAA,aAAI,EAAC,IAAA,kBAAS,EAAC,kBAAU,EAAE,IAAI,CAAC,EAAE,CAAC,IAAW,EAAE,EAAE,CAC7C,IAAA,mBAAW,EAAC,IAAI,CAAC,CAAC,CAAC,CAAC;IAC9D,IAAA,oBAAW,EAAC,4CAA4C,IAAA,eAAM,EAAC,CAAC,OAAO,EAAE,GAAG,IAAI,CAAC,CAAC,EAAE,CAAC,CAAC;AAE1F,8BAA8B;AACvB,MAAM,UAAU,GAAG,CAAC,IAAU,EAAe,EAAE,CAClD,IAAA,uBAAc,EAAC,IAAI,CAAC,CAAC,CAAC;IAClB,IAAA,qBAAc,EAAO,IAAI,CAAC,CAAC,CAAC,CAAC,IAAA,0BAAkB,EAAC,IAAA,YAAK,EAAC,IAAI,CAAC,EAAE,IAAA,WAAI,EAAC,IAAI,CAAC,CAAC,CAAC,CAAC;QAC1E,IAAA,oBAAW,EAAC,gCAAgC,IAAA,eAAM,EAAC,IAAI,CAAC,EAAE,CAAC,CAAC,CAAC;IACjE,IAAA,gBAAO,EAAC,IAAI,CAAC,CAAC,CAAC,CAAC,IAAA,qBAAa,EAAC,IAAI,CAAC,CAAC,CAAC;QACrC,IAAA,oBAAW,EAAC,cAAc,IAAI,EAAE,CAAC,CAAC;AALzB,QAAA,UAAU,cAKe;AAEtC,uCAAuC;AAChC,MAAM,kBAAkB,GAAG,CAAC,EAAQ,EAAE,MAAc,EAAe,EAAE,CACxE,EAAE,KAAK,QAAQ,CAAA,CAAC,CAAC,IAAA,mBAAW,EAAC,MAAM,CAAC,CAAA,CAAC;IACrC,IAAA,2BAAmB,EAAC,EAAE,EAAE,MAAM,CAAC,CAAC;AAFvB,QAAA,kBAAkB,sBAEK;AAEpC,6DAA6D;AACtD,MAAM,mBAAmB,GAAG,CAAC,EAAQ,EAAE,MAAc,EAAgB,EAAE,CAC1E,IAAA,0BAAQ,EAAC,EAAE,CAAC,IAAI,aAAa,CAAC,EAAE,CAAC,CAAC,CAAC,CAAC,IAAA,0BAAkB,EAAC,EAAE,EAAE,MAAM,CAAC,CAAC,CAAC;IACpE,WAAW,CAAC,EAAE,EAAE,MAAM,CAAC,CAAC;AAFf,QAAA,mBAAmB,uBAEJ;AAErB,MAAM,kBAAkB,GAAG,CAAC,EAAQ,EAAE,MAAc,EAAgB,EAAE,CACzE,IAAA,cAAO,EAAC,MAAM,CAAC,CAAC,CAAC,CAAC,IAAA,oBAAW,EAAC,6BAA6B,CAAC,CAAC,CAAC;IAC9D,EAAE,KAAK,OAAO,CAAC,CAAC;QACZ,CAAC,IAAA,qBAAc,EAAO,MAAM,CAAC,CAAC,CAAC,CAAC,aAAa,CAAC,IAAA,YAAK,EAAC,MAAM,CAAC,EAAE,IAAA,WAAI,EAAC,MAAM,CAAC,CAAC,CAAA,CAAC,CAAC,IAAA,oBAAW,EAAC,aAAa,MAAM,EAAE,CAAC,CAAC,CAAA,CAAC;QACpH,EAAE,KAAK,IAAI,CAAC,CAAC,CAAC,UAAU,CAAC,MAAM,CAAC,CAAC,CAAC;YAClC,EAAE,KAAK,QAAQ,CAAC,CAAC;gBACb,IAAA,qBAAc,EAAO,MAAM,CAAC,CAAC,CAAC,CAAC,YAAY,CAAC,IAAA,YAAK,EAAC,MAAM,CAAC,EAAE,IAAA,WAAI,EAAC,MAAM,CAAC,CAAC,CAAC,CAAC;oBAC1E,IAAA,oBAAW,EAAC,aAAa,MAAM,EAAE,CAAC,CAAC,CAAC;gBACxC,EAAE,KAAK,KAAK,CAAC,CAAC;oBACV,IAAA,qBAAc,EAAO,MAAM,CAAC,CAAC,CAAC,CAAC,WAAW,CAAC,IAAA,YAAK,EAAC,MAAM,CAAC,EAAE,IAAA,WAAI,EAAC,MAAM,CAAC,CAAC,CAAC,CAAC;wBACzE,IAAA,oBAAW,EAAC,YAAY,MAAM,EAAE,CAAC,CAAC,CAAC;oBACvC,EAAE,KAAK,OAAO,CAAC,CAAC;wBACZ,IAAA,qBAAc,EAAO,MAAM,CAAC,CAAC,CAAC,CAAC,IAAA,mBAAW,EAAC,IAAA,YAAK,EAAC,MAAM,CAAC,CAAC,CAAC,CAAC;4BAC3D,IAAA,oBAAW,EAAC,kBAAkB,MAAM,EAAE,CAAC,CAAC,CAAC;wBAC7C,IAAA,oBAAW,EAAC,OAAO,CAAC,CAAC;AAdZ,QAAA,kBAAkB,sBAcN;AAEzB,yCAAyC;AAClC,MAAM,WAAW,GAAG,CAAC,MAAkB,EAAqB,EAAE,CACjE,IAAA,qBAAc,EAAO,MAAM,CAAC,CAAC,CAAC;IAC1B,IAAA,cAAO,EAAC,IAAA,WAAI,EAAC,MAAM,CAAC,CAAC,CAAC,CAAC,CAAC,IAAA,oBAAW,EAAC,+BAA+B,IAAA,eAAM,EAAC,MAAM,CAAC,EAAE,CAAC,CAAC,CAAC;QACtF,CAAC,MAAM,CAAC,MAAM,GAAG,CAAC,CAAC,CAAC,CAAC,CAAC,IAAA,oBAAW,EAAC,8BAA8B,IAAA,eAAM,EAAC,MAAM,CAAC,EAAE,CAAC,CAAC,CAAC;YACnF,eAAe,CAAC,IAAA,YAAK,EAAC,MAAM,CAAC,EAAE,IAAA,aAAM,EAAC,MAAM,CAAC,CAAC,CAAC,CAAC;IACpD,IAAA,oBAAW,EAAC,4BAA4B,CAAC,CAAC;AALjC,QAAA,WAAW,eAKsB;AAG9C,MAAM,eAAe,GAAG,CAAC,QAAc,EAAE,GAAS,EAAqB,EAAE,CACrE,CAAE,IAAA,8BAAY,EAAC,QAAQ,CAAC,CAAC,CAAC,CAAC,IAAA,oBAAW,EAAC,8CAA8C,IAAA,eAAM,EAAC,QAAQ,CAAC,EAAE,CAAC,CAAC,CAAC;IAC1G,IAAA,aAAI,EAAC,IAAA,mBAAW,EAAC,GAAG,CAAC,EAAE,CAAC,KAAW,EAAE,EAAE,CAClC,IAAA,qBAAa,EAAC,IAAA,mBAAW,EAAC,QAAQ,CAAC,EAAE,KAAK,CAAC,CAAC,CAAC;AAE/C,MAAM,WAAW,GAAG,CAAC,IAAU,EAAgB,EAAE,CACpD,IAAA,uBAAc,EAAC,IAAI,CAAC,CAAC,CAAC;IAClB,IAAA,qBAAc,EAAO,IAAI,CAAC,CAAC,CAAC,CAAC,IAAA,2BAAmB,EAAC,IAAA,YAAK,EAAC,IAAI,CAAC,EAAE,IAAA,WAAI,EAAC,IAAI,CAAC,CAAC,CAAC,CAAC;QAC3E,IAAA,oBAAW,EAAC,8BAA8B,CAAC,CAAC,CAAC;IACjD,IAAA,gBAAO,EAAC,IAAI,CAAC,CAAC,CAAC,CAAC,IAAA,qBAAa,EAAC,IAAI,CAAC,CAAC,CAAC;QACrC,IAAA,oBAAW,EAAC,aAAa,IAAI,EAAE,CAAC,CAAC;AALxB,QAAA,WAAW,eAKa;AAErC,oDAAoD;AAC7C,MAAM,aAAa,GAAG,CAAC,KAAY,EAAgB,EAAE,CACxD,KAAK,KAAK,IAAI,CAAC,CAAC,CAAC,IAAA,eAAM,EAAC,IAAA,mBAAW,EAAC,IAAI,CAAC,CAAC,CAAC,CAAC;IAC5C,KAAK,KAAK,IAAI,CAAC,CAAC,CAAC,IAAA,eAAM,EAAC,IAAA,mBAAW,EAAC,KAAK,CAAC,CAAC,CAAC,CAAC;QAC7C,IAAA,0BAAQ,EAAC,KAAK,CAAC,IAAI,IAAA,iCAAe,EAAC,KAAK,CAAC,CAAC,CAAC,CAAC,IAAA,eAAM,EAAC,IAAA,kBAAU,EAAC,CAAC,KAAK,CAAC,CAAC,CAAC,CAAC;YACxE,IAAA,0BAAQ,EAAC,KAAK,CAAC,IAAI,aAAa,CAAC,KAAK,CAAC,CAAC,CAAC,CAAC,IAAA,eAAM,EAAC,IAAA,kBAAU,EAAC,KAAK,CAAC,CAAC,CAAC,CAAC;gBACrE,IAAA,0BAAQ,EAAC,KAAK,CAAC,CAAC,CAAC,CAAC,IAAA,eAAM,EAAC,IAAA,kBAAU,EAAC,KAAK,CAAC,CAAC,CAAC,CAAC;oBAC7C,IAAA,eAAM,EAAC,IAAA,kBAAU,EAAC,KAAK,CAAC,QAAQ,EAAE,CAAC,CAAC,CAAC;AAN5B,QAAA,aAAa,iBAMe;AAEzC;;;;EAIE;AACF,MAAM,aAAa,GAAG,CAAC,CAAS,EAAW,EAAE,CACzC,CAAC,GAAG,EAAE,GAAG,EAAE,GAAG,EAAE,GAAG,EAAE,GAAG,EAAE,GAAG,EAAE,GAAG,EAAE,KAAK,EAAE,KAAK,EAAE,IAAI;IACrD,KAAK,EAAE,UAAU,EAAE,MAAM,EAAE,KAAK,EAAE,KAAK,EAAE,MAAM,EAAE,OAAO;IACxD,SAAS,EAAE,UAAU,EAAE,SAAS,EAAE,SAAS,CAAC,CAAC,QAAQ,CAAC,CAAC,CAAC,CAAC;AAE9D,MAAM,aAAa,GAAG,CAAC,CAAS,EAAW,EAAE,CACzC,CAAC,IAAI,EAAE,QAAQ,EAAE,KAAK,EAAE,OAAO,EAAE,OAAO,CAAC,CAAC,QAAQ,CAAC,CAAC,CAAC,CAAC;AAE1D,MAAM,WAAW,GAAG,CAAC,EAAQ,EAAE,MAAc,EAAkB,EAAE,CAC7D,IAAA,aAAI,EAAC,IAAA,mBAAW,EAAC,EAAE,CAAC,EAAE,CAAC,KAAW,EAAE,EAAE,CAClC,IAAA,aAAI,EAAC,IAAA,kBAAS,EAAC,mBAAW,EAAE,MAAM,CAAC,EAAE,CAAC,KAAa,EAAE,EAAE,CAClD,IAAA,kBAAU,EAAC,KAAK,EAAE,KAAK,CAAC,CAAC,CAAC,CAAC;AAGxC,MAAM,aAAa,GAAG,CAAC,IAAU,EAAE,QAAc,EAAqB,EAAE;IAEhE,MAAM,cAAc,GAAG,0BAA0B,CAAC,QAAQ,CAAC,CAAC;IAC5D,OAAO,IAAA,yBAAO,EAAC,IAAI,CAAC,IAAE,IAAA,WAAI,EAAC,0BAAQ,EAAC,IAAI,CAAC,CAAC,CAAC,CAAC,IAAA,aAAI,EAAC,cAAc,EAAC,CAAC,CAAC,EAAE,EAAE,CAClE,IAAA,eAAM,EAAC,IAAA,oBAAY,EAAC,IAAA,WAAG,EAAC,mBAAW,EAAE,IAAI,CAAC,EAAC,CAAC,CAAC,CAAC,CAAC,CAAC,CAAC;QACrD,IAAA,oBAAW,EAAC,6BAA6B,IAAA,eAAM,EAAC,IAAI,CAAC,EAAE,CAAC,CAAC;AAC7D,CAAC,CAAA;AAEL,MAAM,0BAA0B,GAAG,CAAC,QAAc,EAAsB,EAAE;IACtE,IAAI,CAAC,cAAc,CAAC,QAAQ,CAAC,EAAE;QAC3B,OAAO,IAAA,oBAAW,EAAC,0CAA0C,CAAC,CAAC;KAClE;IACD,MAAM,IAAI,GAAG,IAAA,WAAG,EAAC,CAAC,CAAC,EAAE,CAAC,CAAC,CAAC,CAAC,CAAC,EAAE,QAAQ,CAAC,CAAC;IACtC,MAAM,UAAU,GAAG,IAAA,kBAAS,EAAC,mBAAW,EAAE,IAAA,WAAG,EAAC,aAAM,EAAE,QAAQ,CAAC,CAAC,CAAC;IACjE,OAAO,IAAA,aAAI,EAAC,UAAU,EAAE,CAAC,IAAY,EAAE,EAAE,CAAC,IAAA,eAAO,EAAC,mBAAW,EAAE,IAAI,EAAE,IAAI,CAAC,CAAC,CAAC;AAChF,CAAC,CAAA;AAED,MAAM,UAAU,GAAG,CAAC,MAAc,EAAiB,EAAE,CACjD,MAAM,CAAC,MAAM,KAAK,CAAC,CAAC,CAAC,CAAC,IAAA,oBAAW,EAAC,yDAAyD,IAAA,eAAM,EAAC,MAAM,CAAC,EAAE,CAAC,CAAC,CAAC;IAC9G,IAAA,aAAI,EAAC,IAAA,kBAAS,EAAC,mBAAW,EAAE,MAAM,CAAC,EAAE,CAAC,KAAa,EAAE,EAAE,CACnD,IAAA,iBAAS,EAAC,KAAK,CAAC,CAAC,CAAC,EAAE,KAAK,CAAC,CAAC,CAAC,EAAE,KAAK,CAAC,CAAC,CAAC,CAAC,CAAC,CAAC;AAEjD,MAAM,YAAY,GAAG,CAAC,IAAU,EAAE,IAAY,EAAmB,EAAE,CAC/D,IAAA,yBAAO,EAAC,IAAI,CAAC,IAAI,IAAA,WAAI,EAAC,0BAAQ,EAAE,IAAI,CAAC,CAAC,CAAC,CAAC,IAAA,aAAI,EAAC,IAAA,kBAAS,EAAC,mBAAW,EAAE,IAAI,CAAC,EAAE,CAAC,KAAa,EAAE,EAAE,CAChD,IAAA,mBAAW,EAAC,IAAA,WAAG,EAAC,mBAAW,EAAE,IAAI,CAAC,EAAE,KAAK,CAAC,CAAC,CAAC,CAAC;IAC1F,IAAA,oBAAW,EAAC,4BAA4B,IAAA,eAAM,EAAC,IAAI,CAAC,EAAE,CAAC,CAAC;AAE5D,MAAM,cAAc,GAAG,CAAC,QAAc,EAAgC,EAAE,CACpE,IAAA,yBAAO,EAAC,QAAQ,CAAC;IACjB,IAAA,WAAI,EAAC,CAAA,qBAAoB,CAAA,EAAE,QAAQ,CAAC;IACpC,IAAA,WAAI,EAAC,8BAAY,EAAE,IAAA,WAAG,EAAC,YAAK,EAAE,QAAQ,CAAC,CAAC,CAAC;AAE7C,MAAM,WAAW,GAAG,CAAC,QAAc,EAAE,IAAY,EAAkB,EAAE;IACjE,IAAI,CAAC,cAAc,CAAC,QAAQ,CAAC,EAAE;QAC3B,OAAO,IAAA,oBAAW,EAAC,wCAAwC,CAAC,CAAC;KAChE;IACD,+CAA+C;IAC/C,kFAAkF;IAClF,2DAA2D;IAC3D,MAAM,IAAI,GAAG,IAAA,WAAG,EAAC,CAAC,CAAC,EAAE,CAAC,CAAC,CAAC,CAAC,CAAC,EAAE,QAAQ,CAAC,CAAC;IACtC,MAAM,UAAU,GAAG,IAAA,kBAAS,EAAC,mBAAW,EAAE,IAAA,WAAG,EAAC,aAAM,EAAE,QAAQ,CAAC,CAAC,CAAC;IACjE,MAAM,cAAc,GAAG,IAAA,aAAI,EAAC,UAAU,EAAE,CAAC,IAAY,EAAE,EAAE,CAAC,IAAA,eAAO,EAAC,mBAAW,EAAE,IAAI,EAAE,IAAI,CAAC,CAAC,CAAC;IAC5F,OAAO,IAAA,aAAI,EAAC,cAAc,EAAE,CAAC,QAAmB,EAAE,EAAE,CACxC,IAAA,aAAI,EAAC,IAAA,kBAAS,EAAC,mBAAW,EAAE,IAAI,CAAC,EAAE,CAAC,IAAY,EAAE,EAAE,CAC/C,IAAA,kBAAU,EAAC,QAAQ,EAAE,IAAI,CAAC,CAAC,CAAC,CAAC;AAClD,CAAC,CAAA;AAED,qCAAqC;AAC9B,MAAM,WAAW,GAAG,CAAC,KAAW,EAAkB,EAAE,CACvD,IAAA,aAAI,EAAC,IAAA,iBAAS,EAAC,KAAK,CAAC,EAAE,CAAC,IAAe,EAAE,EAAE,CACtC,IAAA,kBAAU,EAAC,IAAI,CAAC,CAAC,CAAC;AAFd,QAAA,WAAW,eAEG;AAEpB,MAAM,YAAY,GAAG,CAAC,KAAa,EAAW,EAAE,CACnD,KAAK,CAAC,MAAM,KAAK,CAAC;IAClB,KAAK,CAAC,CAAC,CAAC,KAAK,GAAG,CAAA;AAFP,QAAA,YAAY,gBAEL;AAEb,MAAM,cAAc,GAAG,CAAC,KAAc,EAAqB,EAAE,CAChE,IAAA,aAAI,EAAC,IAAA,iBAAS,EAAC,KAAK,CAAC,CAAC,CAAC,CAAC,EAAE,CAAC,IAAe,EAAE,EAAE,CAC1C,IAAA,aAAI,EAAC,IAAA,iBAAS,EAAC,KAAK,CAAC,CAAC,CAAC,CAAC,EAAE,CAAC,IAAe,EAAE,EAAE,CACzC,IAAA,2BAAgB,EAAC,IAAI,EAAE,IAAI,CAAC,CAAC,CAAC,CAAC;AAH/B,QAAA,cAAc,kBAGiB;AAE5C,qCAAqC;AAC9B,MAAM,SAAS,GAAG,CAAC,IAAU,EAAqB,EAAE,CACvD,IAAI,KAAK,IAAI,CAAC,CAAC,CAAC,IAAA,eAAM,EAAC,IAAI,CAAC,CAAC,CAAC;IAC9B,IAAI,KAAK,IAAI,CAAC,CAAC,CAAC,IAAA,eAAM,EAAC,KAAK,CAAC,CAAC,CAAC;QAC/B,IAAA,0BAAQ,EAAC,IAAI,CAAC,IAAI,IAAA,iCAAe,EAAC,IAAI,CAAC,CAAC,CAAC,CAAC,IAAA,eAAM,EAAC,CAAC,IAAI,CAAC,CAAC,CAAC;YACzD,IAAA,qBAAY,EAAC,IAAI,CAAC,CAAC,CAAC,CAAC,IAAA,eAAM,EAAC,IAAI,CAAC,QAAQ,EAAE,CAAC,CAAC,CAAC;gBAC9C,IAAA,0BAAQ,EAAC,IAAI,CAAC,CAAC,CAAC,CAAC,IAAA,eAAM,EAAC,IAAA,yBAAc,EAAC,IAAI,CAAC,CAAC,CAAC,CAAC;oBAC/C,IAAI,CAAC,MAAM,KAAK,CAAC,CAAC,CAAC,CAAC,IAAA,eAAM,EAAC,IAAA,wBAAa,GAAE,CAAC,CAAC,CAAC;wBAC7C,IAAA,oBAAY,EAAC,IAAI,CAAC,CAAC,CAAC,CAAC,IAAA,sBAAc,EAAC,IAAI,CAAC,CAAC,CAAC;4BAC3C,IAAA,qBAAc,EAAO,IAAI,CAAC,CAAC,CAAC,CAAC;4BACzB,oBAAoB;4BACpB,IAAA,YAAK,EAAC,IAAI,CAAC,KAAK,GAAG,CAAC,CAAC,CAAC,IAAA,oBAAW,EAAC,oBAAoB,IAAA,eAAM,EAAC,IAAI,CAAC,EAAE,CAAC,CAAC,CAAC;gCACvE,IAAA,aAAI,EAAC,IAAA,iBAAS,EAAC,IAAA,YAAK,EAAC,IAAI,CAAC,CAAC,EAAE,CAAC,IAAe,EAAE,EAAE,CAC5C,IAAA,aAAI,EAAC,IAAA,iBAAS,EAAC,IAAA,WAAI,EAAC,IAAI,CAAC,CAAC,EAAE,CAAC,IAAe,EAAE,EAAE,CAC3C,IAAA,2BAAgB,EAAC,IAAI,EAAE,IAAI,CAAC,CAAC,CAAC,CACvC,CAAC,CAAC;gCACP,IAAA,oBAAW,EAAC,aAAa,IAAI,EAAE,CAAC,CAAC;AAfxB,QAAA,SAAS,aAee;AAGrC,6EAA6E;AAC7E,mDAAmD;AAEnD,yCAAuE;AACvE,6CAA0C;AAE1C,yFAAyF;AACzF,MAAM,aAAa,GAAG,CAAC,EAAU,EAAU,EAAE,CACzC,IAAA,sBAAW,EAAC,EAAE,CAAC,GAAG,CAAC,CAAC,CAAC,CAAC,KAAK,CAAC,CAAC;IAC7B,IAAA,uBAAY,EAAC,EAAE,CAAC,GAAG,CAAC,CAAC,CAAC,CAAC,IAAI,IAAA,wBAAa,EAAC,EAAE,CAAC,GAAG,CAAC,EAAE,CAAC,CAAC;QACpD,IAAA,yBAAc,EAAC,EAAE,CAAC,GAAG,CAAC,CAAC,CAAC,CAAC,IAAI,IAAA,wBAAa,EAAC,EAAE,CAAC,GAAG,CAAC,EAAE,CAAC,CAAC;YACtD,GAAG,EAAE,CAAC,GAAG,EAAE,CAAC;AAEhB,MAAM,YAAY,GAAG,CAAC,GAAU,EAAU,EAAE,CACxC,IAAA,WAAG,EAAC,iBAAS,EAAE,GAAG,CAAC,CAAC,IAAI,CAAC,GAAG,CAAC,CAAC;AAElC,MAAM,cAAc,GAAG,CAAC,EAAW,EAAU,EAAE,CAC3C,YAAY,IAAA,WAAG,EAAC,CAAC,CAAU,EAAE,EAAE,CAAC,CAAC,CAAC,GAAG,EAAE,EAAE,CAAC,IAAI,CAAC,CAAC,IAAI,CAAC,GAAG,CAAC,KAAK,YAAY,CAAC,EAAE,CAAC,IAAI,CAAC,GAAG,CAAA;AAE1F,MAAM,aAAa,GAAG,CAAC,EAAU,EAAW,EAAE,CAC1C,SAAS,IAAA,WAAG,EAAC,CAAC,CAAU,EAAE,EAAE,CAAC,IAAI,CAAC,CAAC,GAAG,CAAC,GAAG,IAAI,IAAA,iBAAS,EAAC,CAAC,CAAC,GAAG,CAAC,GAAG,EAAE,EAAE,CAAC,QAAQ,CAAC,CAAC,IAAI,CAAC,GAAG,CAAC,KAAK,YAAY,CAAC,EAAE,CAAC,IAAI,CAAC,GAAG,CAAA;AAE1H,MAAM,eAAe,GAAG,CAAC,EAAY,EAAW,EAAE,CAC9C,WAAW,IAAA,WAAG,EAAC,CAAC,CAAU,EAAE,EAAE,CAAC,CAAC,CAAC,GAAG,EAAE,EAAE,CAAC,MAAM,CAAC,CAAC,IAAI,CAAC,GAAG,CAAC,KAAK,EAAE,CAAC,OAAO,CAAC,IAAI,CAAC,GAAG,CAAC,GAAG,CAAA;AAEnF,MAAM,SAAS,GAAG,CAAC,GAAkB,EAAU,EAAE,CACpD,IAAA,iBAAS,EAAC,GAAG,CAAC,CAAC,CAAC,CAAC,IAAA,wBAAa,EAAC,GAAG,CAAC,GAAG,CAAC,CAAC,CAAC;IACzC,IAAA,gBAAQ,EAAC,GAAG,CAAC,CAAC,CAAC,CAAC,IAAA,wBAAa,EAAC,GAAG,CAAC,GAAG,CAAC,CAAC,CAAC;QACxC,IAAA,gBAAQ,EAAC,GAAG,CAAC,CAAC,CAAC,CAAC,IAAA,wBAAa,EAAC,GAAG,CAAC,GAAG,CAAC,CAAC,CAAC;YACxC,IAAA,gBAAQ,EAAC,GAAG,CAAC,CAAC,CAAC,CAAC,aAAa,CAAC,GAAG,CAAC,CAAC,CAAC;gBACpC,IAAA,gBAAQ,EAAC,GAAG,CAAC,CAAC,CAAC,CAAC,GAAG,CAAC,GAAG,CAAC,CAAC;oBACzB,IAAA,iBAAS,EAAC,GAAG,CAAC,CAAC,CAAC,CAAC,cAAc,CAAC,GAAG,CAAC,CAAC,CAAC;wBACtC,IAAA,eAAO,EAAC,GAAG,CAAC,CAAC,CAAC,CAAC,OAAO,IAAA,iBAAS,EAAC,GAAG,CAAC,IAAI,CAAC,IAAI,IAAA,iBAAS,EAAC,GAAG,CAAC,IAAI,CAAC,IAAI,IAAA,iBAAS,EAAC,GAAG,CAAC,GAAG,CAAC,GAAG,CAAC,CAAC;4BAC3F,IAAA,gBAAQ,EAAC,GAAG,CAAC,CAAC,CAAC,CAAC,IAAI,IAAA,iBAAS,EAAC,GAAG,CAAC,KAAK,CAAC,IAAI,YAAY,CAAC,GAAG,CAAC,KAAK,CAAC,GAAG,CAAC,CAAC;gCACxE,IAAA,gBAAQ,EAAC,GAAG,CAAC,CAAC,CAAC,CAAC,GAAG,CAAC,EAAE,CAAC,CAAC;oCACxB,IAAA,gBAAQ,EAAC,GAAG,CAAC,CAAC,CAAC,CAAC,aAAa,CAAC,GAAG,CAAC,CAAC,CAAC;wCACpC,IAAA,mBAAW,EAAC,GAAG,CAAC,CAAC,CAAC,CAAC,WAAW,GAAG,CAAC,GAAG,CAAC,GAAG,IAAI,IAAA,iBAAS,EAAC,GAAG,CAAC,GAAG,CAAC,GAAG,CAAC,CAAC;4CACpE,IAAA,iBAAS,EAAC,GAAG,CAAC,CAAC,CAAC,CAAC,OAAO,YAAY,CAAC,GAAG,CAAC,IAAI,CAAC,GAAG,CAAC,CAAC;gDACnD,IAAA,kBAAU,EAAC,GAAG,CAAC,CAAC,CAAC,CAAC,eAAe,CAAC,GAAG,CAAC,CAAA,CAAC;oDACvC,GAAG,CAAC;AAdK,QAAA,SAAS,aAcd","sourcesContent":["// ===========================================================\r\n// AST type models\r\nimport { map, zipWith } from \"ramda\";\r\nimport { makeEmptySExp, makeSymbolSExp, SExpValue, makeCompoundSExp, valueToString } from './L3-value'\r\nimport { first, second, rest, allT, isEmpty, isNonEmptyList, List } from \"../shared/list\";\r\nimport { isArray, isString, isNumericString, isIdentifier } from \"../shared/type-predicates\";\r\nimport { Result, makeOk, makeFailure, bind, mapResult, mapv, isOk } from \"../shared/result\";\r\nimport { parse as p, isSexpString, isToken, isCompoundSexp } from \"../shared/parser\";\r\nimport { Sexp, Token } from \"s-expression\";\r\n\r\n/*\r\n;; =============================================================================\r\n;; Scheme Parser\r\n;;\r\n;; L2 extends L1 with support for IfExp and ProcExp\r\n;; L3 extends L2 with support for:\r\n;; - Pair datatype\r\n;; - The empty-list literal expression\r\n;; - Compound literal expressions denoted with quote\r\n;; - Primitives: cons, car, cdr, pair?, number?, boolean?, symbol?, string?, list\r\n;; - Primitives: and, or, not\r\n;; - The Let abbreviation is also supported.\r\n\r\n;; <program> ::= (L3 <exp>+) // Program(exps:List(Exp))\r\n;; <exp> ::= <define> | <cexp>              / DefExp | CExp\r\n;; <define> ::= ( define <var> <cexp> )     / DefExp(var:VarDecl, val:CExp)\r\n;; <var> ::= <identifier>                   / VarRef(var:string)\r\n;; <cexp> ::= <number>                      / NumExp(val:number)\r\n;;         |  <boolean>                     / BoolExp(val:boolean)\r\n;;         |  <string>                      / StrExp(val:string)\r\n;;         |  ( lambda ( <var>* ) <cexp>+ ) / ProcExp(args:VarDecl[], body:CExp[]))\r\n;;         |  ( if <cexp> <cexp> <cexp> )   / IfExp(test: CExp, then: CExp, alt: CExp)\r\n;;         |  ( let ( binding* ) <cexp>+ )  / LetExp(bindings:Binding[], body:CExp[]))\r\n;;         |  ( quote <sexp> )              / LitExp(val:SExp)\r\n;;         |  ( <cexp> <cexp>* )            / AppExp(operator:CExp, operands:CExp[]))\r\n;; <binding>  ::= ( <var> <cexp> )           / Binding(var:VarDecl, val:Cexp)\r\n;; <prim-op>  ::= + | - | * | / | < | > | = | not |  and | or | eq? | string=?\r\n;;                  | cons | car | cdr | pair? | number? | list \r\n;;                  | boolean? | symbol? | string?      ##### L3\r\n;; <num-exp>  ::= a number token\r\n;; <bool-exp> ::= #t | #f\r\n;; <var-ref>  ::= an identifier token\r\n;; <var-decl> ::= an identifier token\r\n;; <sexp>     ::= symbol | number | bool | string | \r\n;;                (<sexp>+ . <sexp>) | ( <sexp>* )       ##### L3\r\n*/\r\n\r\nexport type Exp =  DefineExp | CExp;\r\nexport type AtomicExp = NumExp | BoolExp | StrExp | PrimOp | VarRef;\r\nexport type CompoundExp = AppExp | IfExp | ProcExp | LetExp | LitExp | ClassExp ;\r\nexport type CExp =  AtomicExp | CompoundExp;\r\n\r\nexport type Program = {tag: \"Program\"; exps: Exp[]; }\r\nexport type DefineExp = {tag: \"DefineExp\"; var: VarDecl; val: CExp; }\r\nexport type NumExp = {tag: \"NumExp\"; val: number; }\r\nexport type BoolExp = {tag: \"BoolExp\"; val: boolean; }\r\nexport type StrExp = {tag: \"StrExp\"; val: string; }\r\nexport type PrimOp = {tag: \"PrimOp\"; op: string; }\r\nexport type VarRef = {tag: \"VarRef\"; var: string; }\r\nexport type VarDecl = {tag: \"VarDecl\"; var: string; }\r\nexport type AppExp = {tag: \"AppExp\"; rator: CExp; rands: CExp[]; }\r\n// L2\r\nexport type IfExp = {tag: \"IfExp\"; test: CExp; then: CExp; alt: CExp; }\r\nexport type ProcExp = {tag: \"ProcExp\"; args: VarDecl[], body: CExp[]; }\r\nexport type Binding = {tag: \"Binding\"; var: VarDecl; val: CExp; }\r\nexport type LetExp = {tag: \"LetExp\"; bindings: Binding[]; body: CExp[]; }\r\n// L3\r\nexport type LitExp = {tag: \"LitExp\"; val: SExpValue; }\r\nexport type ClassExp = {tag: \"ClassExp\"; fields: VarDecl[]; methods: Binding[];}\r\n\r\n// Type value constructors for disjoint types\r\nexport const makeProgram = (exps: Exp[]): Program => ({tag: \"Program\", exps: exps});\r\nexport const makeDefineExp = (v: VarDecl, val: CExp): DefineExp =>\r\n    ({tag: \"DefineExp\", var: v, val: val});\r\nexport const makeNumExp = (n: number): NumExp => ({tag: \"NumExp\", val: n});\r\nexport const makeBoolExp = (b: boolean): BoolExp => ({tag: \"BoolExp\", val: b});\r\nexport const makeStrExp = (s: string): StrExp => ({tag: \"StrExp\", val: s});\r\nexport const makePrimOp = (op: string): PrimOp => ({tag: \"PrimOp\", op: op});\r\nexport const makeVarRef = (v: string): VarRef => ({tag: \"VarRef\", var: v});\r\nexport const makeVarDecl = (v: string): VarDecl => ({tag: \"VarDecl\", var: v});\r\nexport const makeAppExp = (rator: CExp, rands: CExp[]): AppExp =>\r\n    ({tag: \"AppExp\", rator: rator, rands: rands});\r\n// L2\r\nexport const makeIfExp = (test: CExp, then: CExp, alt: CExp): IfExp =>\r\n    ({tag: \"IfExp\", test: test, then: then, alt: alt});\r\nexport const makeProcExp = (args: VarDecl[], body: CExp[]): ProcExp =>\r\n    ({tag: \"ProcExp\", args: args, body: body});\r\nexport const makeBinding = (v: string, val: CExp): Binding =>\r\n    ({tag: \"Binding\", var: makeVarDecl(v), val: val});\r\nexport const makeLetExp = (bindings: Binding[], body: CExp[]): LetExp =>\r\n    ({tag: \"LetExp\", bindings: bindings, body: body});\r\n// L3\r\nexport const makeLitExp = (val: SExpValue): LitExp =>\r\n    ({tag: \"LitExp\", val: val});\r\nexport const makeClassExp = (fields: VarDecl[], methods: Binding[]): ClassExp =>\r\n     ({tag: \"ClassExp\", fields:fields, methods:methods});\r\n\r\n// Type predicates for disjoint types\r\nexport const isProgram = (x: any): x is Program => x.tag === \"Program\";\r\nexport const isDefineExp = (x: any): x is DefineExp => x.tag === \"DefineExp\";\r\n\r\nexport const isNumExp = (x: any): x is NumExp => x.tag === \"NumExp\";\r\nexport const isBoolExp = (x: any): x is BoolExp => x.tag === \"BoolExp\";\r\nexport const isStrExp = (x: any): x is StrExp => x.tag === \"StrExp\";\r\nexport const isPrimOp = (x: any): x is PrimOp => x.tag === \"PrimOp\";\r\nexport const isVarRef = (x: any): x is VarRef => x.tag === \"VarRef\";\r\nexport const isVarDecl = (x: any): x is VarDecl => x.tag === \"VarDecl\";\r\nexport const isAppExp = (x: any): x is AppExp => x.tag === \"AppExp\";\r\n// L2\r\nexport const isIfExp = (x: any): x is IfExp => x.tag === \"IfExp\";\r\nexport const isProcExp = (x: any): x is ProcExp => x.tag === \"ProcExp\";\r\nexport const isBinding = (x: any): x is Binding => x.tag === \"Binding\";\r\nexport const isLetExp = (x: any): x is LetExp => x.tag === \"LetExp\";\r\n// L3\r\nexport const isLitExp = (x: any): x is LitExp => x.tag === \"LitExp\";\r\nexport const isClassExp = (x: any): x is ClassExp => x.tag === \"ClassExp\";\r\n\r\n// Type predicates for type unions\r\nexport const isExp = (x: any): x is Exp => isDefineExp(x) || isCExp(x);\r\nexport const isAtomicExp = (x: any): x is AtomicExp =>\r\n    isNumExp(x) || isBoolExp(x) || isStrExp(x) ||\r\n    isPrimOp(x) || isVarRef(x);\r\nexport const isCompoundExp = (x: any): x is CompoundExp =>\r\n    isAppExp(x) || isIfExp(x) || isProcExp(x) || isLitExp(x) || isLetExp(x)  || isClassExp(x);\r\nexport const isCExp = (x: any): x is CExp =>\r\n    isAtomicExp(x) || isCompoundExp(x);\r\n\r\n// ========================================================\r\n// Parsing\r\n\r\nexport const parseL3 = (x: string): Result<Program> =>\r\n    bind(p(x), parseL3Program);\r\n\r\nexport const parseL3Program = (sexp: Sexp): Result<Program> =>\r\n    sexp === \"\" || isEmpty(sexp) ? makeFailure(\"Unexpected empty program\") :\r\n    isToken(sexp) ? makeFailure(`Program cannot be a single token: ${format(sexp)}`) :\r\n    isNonEmptyList<Sexp>(sexp) ? parseL3GoodProgram(first(sexp), rest(sexp)) :\r\n    makeFailure(`Unexpected type ${format(sexp)}`);\r\n\r\nconst parseL3GoodProgram = (keyword: Sexp, body: Sexp[]): Result<Program> =>\r\n    keyword === \"L3\" && !isEmpty(body) ? mapv(mapResult(parseL3Exp, body), (exps: Exp[]) => \r\n                                              makeProgram(exps)) :\r\n    makeFailure(`Program must be of the form (L3 <exp>+): ${format([keyword, ...body])}`);\r\n\r\n// Exp -> <DefineExp> | <Cexp>\r\nexport const parseL3Exp = (sexp: Sexp): Result<Exp> =>\r\n    isCompoundSexp(sexp) ? \r\n        isNonEmptyList<Sexp>(sexp) ? parseL3CompoundExp(first(sexp), rest(sexp)) :\r\n        makeFailure(`Exp cannot be an empty list: ${format(sexp)}`) :\r\n    isToken(sexp) ? parseL3Atomic(sexp) :\r\n    makeFailure(`Bad param: ${sexp}`);\r\n\r\n// Compound -> DefineExp | CompoundCExp\r\nexport const parseL3CompoundExp = (op: Sexp, params: Sexp[]): Result<Exp> => \r\n    op === \"define\"?
[...]
ine":13,"column":21},"end":{"line":13,"column":47}},{"start":{"line":13,"column":51},"end":{"line":13,"column":80}}],"line":13},"1":{"loc":{"start":{"line":15,"column":29},"end":{"line":17,"column":45}},"type":"cond-expr","locations":[{"start":{"line":15,"column":60},"end":{"line":15,"column":108}},{"start":{"line":16,"column":4},"end":{"line":17,"column":45}}],"line":15},"2":{"loc":{"start":{"line":16,"column":4},"end":{"line":17,"column":45}},"type":"cond-expr","locations":[{"start":{"line":16,"column":20},"end":{"line":16,"column":49}},{"start":{"line":17,"column":8},"end":{"line":17,"column":45}}],"line":16}},"s":{"0":1,"1":1,"2":1,"3":1,"4":7,"5":1,"6":1,"7":0,"8":1,"9":1,"10":0,"11":1,"12":1,"13":0,"14":1,"15":1,"16":0,"17":1,"18":1,"19":0,"20":1},"f":{"0":7,"1":0,"2":0,"3":0,"4":0,"5":0},"b":{"0":[0,0],"1":[0,0],"2":[0,0]},"inputSourceMap":{"version":3,"file":"D:/degree/ppl/assignment2/L3/L3-env-sub.ts","sources":["D:/degree/ppl/assignment2/L3/L3-env-sub.ts"],"names":[],"mappings":";;;AAGA,6CAA+D;AAUxD,MAAM,YAAY,GAAG,GAAa,EAAE,CAAC,CAAC,EAAC,GAAG,EAAE,UAAU,EAAC,CAAC,CAAC;AAAnD,QAAA,YAAY,gBAAuC;AACzD,MAAM,OAAO,GAAG,CAAC,CAAS,EAAE,GAAU,EAAE,GAAQ,EAAe,EAAE,CACpE,CAAC,EAAC,GAAG,EAAE,KAAK,EAAE,GAAG,EAAE,CAAC,EAAE,GAAG,EAAE,GAAG,EAAE,OAAO,EAAE,GAAG,EAAC,CAAC,CAAC;AADtC,QAAA,OAAO,WAC+B;AAC5C,MAAM,UAAU,GAAG,CAAC,CAAM,EAAiB,EAAE,CAAC,CAAC,CAAC,GAAG,KAAK,UAAU,CAAC;AAA7D,QAAA,UAAU,cAAmD;AACnE,MAAM,aAAa,GAAG,CAAC,CAAM,EAAoB,EAAE,CAAC,CAAC,CAAC,GAAG,KAAK,KAAK,CAAC;AAA9D,QAAA,aAAa,iBAAiD;AACpE,MAAM,KAAK,GAAG,CAAC,CAAM,EAAY,EAAE,CAAC,IAAA,kBAAU,EAAC,CAAC,CAAC,IAAI,IAAA,qBAAa,EAAC,CAAC,CAAC,CAAC;AAAhE,QAAA,KAAK,SAA2D;AAEtE,MAAM,QAAQ,GAAG,CAAC,GAAQ,EAAE,CAAS,EAAiB,EAAE,CAC3D,IAAA,kBAAU,EAAC,GAAG,CAAC,CAAC,CAAC,CAAC,IAAA,oBAAW,EAAC,kBAAkB,CAAC,EAAE,CAAC,CAAC,CAAC;IACtD,GAAG,CAAC,GAAG,KAAK,CAAC,CAAC,CAAC,CAAC,IAAA,eAAM,EAAC,GAAG,CAAC,GAAG,CAAC,CAAC,CAAC;QACjC,IAAA,gBAAQ,EAAC,GAAG,CAAC,OAAO,EAAE,CAAC,CAAC,CAAC;AAHhB,QAAA,QAAQ,YAGQ","sourcesContent":["// ========================================================\r\n// Environment data type for L3\r\nimport { Value } from './L3-value';\r\nimport { Result, makeFailure, makeOk } from '../shared/result';\r\n\r\nexport type Env = EmptyEnv | NonEmptyEnv;\r\nexport type EmptyEnv = {tag: \"EmptyEnv\" }\r\nexport type NonEmptyEnv = {\r\n    tag: \"Env\";\r\n    var: string;\r\n    val: Value;\r\n    nextEnv: Env;\r\n}\r\nexport const makeEmptyEnv = (): EmptyEnv => ({tag: \"EmptyEnv\"});\r\nexport const makeEnv = (v: string, val: Value, env: Env): NonEmptyEnv =>\r\n    ({tag: \"Env\", var: v, val: val, nextEnv: env});\r\nexport const isEmptyEnv = (x: any): x is EmptyEnv => x.tag === \"EmptyEnv\";\r\nexport const isNonEmptyEnv = (x: any): x is NonEmptyEnv => x.tag === \"Env\";\r\nexport const isEnv = (x: any): x is Env => isEmptyEnv(x) || isNonEmptyEnv(x);\r\n\r\nexport const applyEnv = (env: Env, v: string): Result<Value> =>\r\n    isEmptyEnv(env) ? makeFailure(`var not found: ${v}`) :\r\n    env.var === v ? makeOk(env.val) :\r\n    applyEnv(env.nextEnv, v);\r\n\r\n"]},"_coverageSchema":"1a1c01bbd47fc00a2c39e90264f33305004495a9","hash":"c82c52ccc80cf18f4d8cb2b7b4503e814e9d1d37","contentHash":"eed7c16c50caa9b593206a89e3934c0a2f25161fad09b92f823fb024c2d711e6"},"D:\\degree\\ppl\\assignment2\\L3\\substitute.ts":{"path":"D:\\degree\\ppl\\assignment2\\L3\\substitute.ts","statementMap":{"0":{"start":{"line":2,"column":0},"end":{"line":2,"column":62}},"1":{"start":{"line":3,"column":0},"end":{"line":3,"column":70}},"2":{"start":{"line":4,"column":16},"end":{"line":4,"column":32}},"3":{"start":{"line":5,"column":17},"end":{"line":5,"column":36}},"4":{"start":{"line":6,"column":17},"end":{"line":6,"column":36}},"5":{"start":{"line":7,"column":15},"end":{"line":7,"column":40}},"6":{"start":{"line":29,"column":19},"end":{"line":51,"column":1}},"7":{"start":{"line":30,"column":22},"end":{"line":33,"column":5}},"8":{"start":{"line":31,"column":20},"end":{"line":31,"column":53}},"9":{"start":{"line":32,"column":8},"end":{"line":32,"column":44}},"10":{"start":{"line":34,"column":23},"end":{"line":39,"column":5}},"11":{"start":{"line":35,"column":25},"end":{"line":35,"column":63}},"12":{"start":{"line":35,"column":49},"end":{"line":35,"column":54}},"13":{"start":{"line":36,"column":22},"end":{"line":36,"column":50}},"14":{"start":{"line":37,"column":26},"end":{"line":37,"column":151}},"15":{"start":{"line":37,"column":54},"end":{"line":37,"column":143}},"16":{"start":{"line":38,"column":8},"end":{"line":38,"column":166}},"17":{"start":{"line":38,"column":105},"end":{"line":38,"column":109}},"18":{"start":{"line":38,"column":147},"end":{"line":38,"column":151}},"19":{"start":{"line":40,"column":16},"end":{"line":49,"column":41}},"20":{"start":{"line":40,"column":23},"end":{"line":49,"column":41}},"21":{"start":{"line":50,"column":4},"end":{"line":50,"column":39}},"22":{"start":{"line":52,"column":0},"end":{"line":52,"column":32}},"23":{"start":{"line":57,"column":19},"end":{"line":63,"column":1}},"24":{"start":{"line":58,"column":16},"end":{"line":58,"column":17}},"25":{"start":{"line":59,"column":4},"end":{"line":62,"column":6}},"26":{"start":{"line":60,"column":8},"end":{"line":60,"column":16}},"27":{"start":{"line":61,"column":8},"end":{"line":61,"column":32}},"28":{"start":{"line":64,"column":0},"end":{"line":64,"column":32}},"29":{"start":{"line":69,"column":19},"end":{"line":84,"column":1}},"30":{"start":{"line":70,"column":19},"end":{"line":70,"column":44}},"31":{"start":{"line":71,"column":20},"end":{"line":74,"column":17}},"32":{"start":{"line":71,"column":27},"end":{"line":74,"column":17}},"33":{"start":{"line":77,"column":24},"end":{"line":82,"column":5}},"34":{"start":{"line":78,"column":24},"end":{"line":78,"column":66}},"35":{"start":{"line":78,"column":50},"end":{"line":78,"column":57}},"36":{"start":{"line":79,"column":24},"end":{"line":79,"column":57}},"37":{"start":{"line":80,"column":24},"end":{"line":80,"column":57}},"38":{"start":{"line":81,"column":8},"end":{"line":81,"column":181}},"39":{"start":{"line":83,"column":4},"end":{"line":83,"column":43}},"40":{"start":{"line":85,"column":0},"end":{"line":85,"column":32}}},"fnMap":{"0":{"name":"(anonymous_0)","decl":{"start":{"line":29,"column":19},"end":{"line":29,"column":20}},"loc":{"start":{"line":29,"column":41},"end":{"line":51,"column":1}},"line":29},"1":{"name":"(anonymous_1)","decl":{"start":{"line":30,"column":22},"end":{"line":30,"column":23}},"loc":{"start":{"line":30,"column":29},"end":{"line":33,"column":5}},"line":30},"2":{"name":"(anonymous_2)","decl":{"start":{"line":34,"column":23},"end":{"line":34,"column":24}},"loc":{"start":{"line":34,"column":30},"end":{"line":39,"column":5}},"line":34},"3":{"name":"(anonymous_3)","decl":{"start":{"line":35,"column":42},"end":{"line":35,"column":43}},"loc":{"start":{"line":35,"column":49},"end":{"line":35,"column":54}},"line":35},"4":{"name":"(anonymous_4)","decl":{"start":{"line":37,"column":46},"end":{"line":37,"column":47}},"loc":{"start":{"line":37,"column":54},"end":{"line":37,"column":143}},"line":37},"5":{"name":"(anonymous_5)","decl":{"start":{"line":38,"column":98},"end":{"line":38,"column":99}},"loc":{"start":{"line":38,"column":105},"end":{"line":38,"column":109}},"line":38},"6":{"name":"(anonymous_6)","decl":{"start":{"line":38,"column":140},"end":{"line":38,"column":141}},"loc":{"start":{"line":38,"column":147},"end":{"line":38,"column":151}},"line":38},"7":{"name":"(anonymous_7)","decl":{"start":{"line":40,"column":16},"end":{"line":40,"column":17}},"loc":{"start":{"line":40,"column":23},"end":{"line":49,"column":41}},"line":40},"8":{"name":"(anonymous_8)","decl":{"start":{"line":57,"column":19},"end":{"line":57,"column":20}},"loc":{"start":{"line":57,"column":25},"end":{"line":63,"column":1}},"line":57},"9":{"name":"(anonymous_9)","decl":{"start":{"line":59,"column":11},"end":{"line":59,"column":12}},"loc":{"start":{"line":59,"column":18},"end":{"line":62,"column":5}},"line":59},"10":{"name":"(anonymous_10)","decl":{"start":{"line":69,"column":19},"end":{"line":69,"column":20}},"loc":{"start":{"line":69,"column":29},"end":{"line":84,"column":1}},"line":69},"11":{"name":"(anonymous_11)","decl":{"start":{"line":71,"column":20},"end":{"line":71,"column":21}},"loc":{"start":{"line":71,"column":27},"end":{"line":74,"column":17}},"line":71},"12":{"name":"(anonymous_12)","decl":{"start":{"line":77,"column":24},"end":{"line":77,"column":25}},"loc":{"start":{"line":77,"column":31},"end":{"line":82,"column":5}},"line":77},"13":{"name":"(anonymous_13)","decl":{"start":{"line":78,"column":41},"end":{"line":78,"column":42}},"loc":{"start":{"line":78,"column":50},"end":{"line":78,"column":57}},"line":78}},"branchMap":{"0":{"loc":{"start":{"line":32,"column":16},"end":{"line":32,"column":42}},"type":"cond-expr","locations":[{"start":{"line":32,"column":29},"end":{"line":32,"column":38}},{"start":{"line":32,"column":41},"end":{"line":32,"column":42}}],"line":32},"1":{"loc":{"start":{"line":37,"column":54},"end":{"line":37,"column":143}},"type":"binary-expr","locations":[{"start":{"line":37,"column":54},"end":{"line":37,"column":84}},{"start":{"line":37,"column":88},"end":{"line":37,"column":143}}],"line":37},"2":{"loc":{"start":{"line":40,"column":23},"end":{"line":49,"column":41}},"type":"cond-expr","locations":[{"start":{"line":40,"column":51},"end":{"line":40,"column":52}},{"start":{"line":41,"column":8},"end":{"line":49,"column":41}}],"line":40},"3":{"loc":{"start":{"line":41,"column":8},"end":{"line":49,"column":41}},"type":"cond-expr","locations":[{"start":{"line":41,"column":37},"end":{"line":41,"column":38}},{"start":{"line":42,"column":12},"end":{"line":49,"column":41}}],"line":41},"4":{"loc":{"start":{"line":42,"column":12},"end":{"line":49,"column":41}},"type":"cond-expr","locations":[{"start":{"line":42,"column":40},"end":{"line":42,"column":41}},{"start":{"line":43,"column":16},"end":{"line":49,"column":41}}],"line":42},"5":{"loc":{"start":{"line":43,"column":16},"end":{"line":49,"column":41}},"type":"cond-expr","locations":[{"start":{"line":43,"column":44},"end":{"line":43,"column":45}},{"start":{"line":44,"column":20},"end":{"line":49,"column":41}}],"line":43},"6":{"loc":{"start":{"line":44,"column":20},"end":{"line":49,"column":41}},"type":"cond-expr","locations":[{"start":{"line":44,"column":48},"end":{"line":44,"column":49}},{"start":{"line":45,"column":24},"end":{"line":49,"column":41}}],"line":44},"7":{"loc":{"start":{"line":45,"column":24},"end":{"line":49,"column":41}},"type":"cond-expr","locations":[{"start":{"line":45,"column":52},"end":{"line":45,"column":64}},{"start":{"line":46,"column":28},"end":{"line":49,"column":41}}],"line":45},"8":{"loc":{"start":{"line":46,"column":28},"end":{"line":49,"column":41}},"type":"cond-expr","locations":[{"start":{"line":46,"column":55},"end":{"line":46,"column":116}},{"start":{"line":47,"column":32},"end":{"line":49,"column":41}}],"line":46},"9":{"loc":{"start":{"line":47,"column":32},"end":{"line":49,"column":41}},"type":"cond-expr","locations":[{"start":{"line":47,"column":61},"end":{"line":47,"column":74}},{"start":{"line":48,"column":36},"end":{"line":49,"column":41}}],"line":47},"10":{"loc":{"start":{"line":48,"column":36},"end":{"line":49,"column":41}},"type":"cond-expr","locations":[{"start":{"line":48,"column":64},"end":{"line":48,"column":134}},{"start":{"line":49,"column":40},"end":{"line":49,"column":41}}],"line":48},"11":{"loc":{"start":{"line":71,"column":27},"end":{"line":74,"column":17}},"type":"cond-expr","locations":[{"start":{"line":71,"column":54},"end":{"line":71,"column":127}},{"start":{"line":72,"column":8},"end":{"line":74,"column":17}}],"line":71},"12":{"loc":{"start":{"line":72,"column":8},"end":{"line":74,"column":17}},"type":"cond-expr","locations":[{"start":{"line":72,"column":36},"end":{"line":72,"column":114}},{"start":{"line":73,"column":12},"end":{"line":74,"column":17}}],"line":72},"13":{"loc":{"start":{"line":73,"column":12},"end":{"line":74,"column":17}},"type":"cond-expr","locations":[{"start":{"line":73,"column":41},"end":{"line":73,"column":55}},{"start":{"line":74,"column":16},"end":{"line":74,"column":17}}],"line":73}},"s":{"0":1,"1":1,"2":1,"3":1,"4":1,"5":1,"6":1,"7":0,"8":0,"9":0,"10":0,"11":0,"12":0,"13":0,"14":0,"15":0,"16":0,"17":0,"18":0,"19":0,"20":0,"21":0,"22":1,"23":1,"24":0,"25":0,"26":0,"27":0,"28":1,"29":1,"30":0,"31":0,"32":0,"33":0,"34":0,"35":0,"36":0,"37":0,"38":0,"39":0,"40":1},"f":{"0":0,"1":0,"2":0,"3":0,"4":0,"5":0,"6":0,"7":0,"8":0,"9":0,"10":0,"11":0,"12":0,"13":0},"b":{"0":[0,0],"1":[0,0],"2":[0,0],"3":[0,0],"4":[0,0],"5":[0,0],"6":[0,0],"7":[0,0],"8":[0,0],"9":[0,0],"10":[0,0],"11":[0,0],"12":[0,0],"13":[0,0]},"inputSourceMap":{"version":3,"file":"D:/degree/ppl/assignment2/L3/substitute.ts","sources":["D:/degree/ppl/assignment2/L3/substitute.ts"],"names":[],"mappings":";;;AAAA,iCAA0E;AAE1E,qCAAqH;AACrH,qCAAuF;AACvF,yCAAuD;AAEvD,2EAA2E;AAC3E,kEAAkE;AAClE,sEAAsE;AACtE,6EAA6E;AAC7E,2CAA2C;AAC3C;;;;;;;;;;;;;;;EAeE;AAEK,MAAM,UAAU,GAAG,CAAC,IAAY,EAAE,IAAc,EAAE,IAAY,EAAU,EAAE;IAC7E,MAAM,SAAS,GAAG,CAAC,CAAS,EAAQ,EAAE;QAClC,MAAM,GAAG,GAAG,IAAA,eAAO,EAAC,CAAC,CAAC,GAAG,EAAE,IAAI,CAAC,CAAC;QACjC,OAAO,CAAC,CAAC,GAAG,GAAG,CAAC,CAAC,CAAC,CAAC,CAAC,CAAC,IAAI,CAAC,GAAG,CAAC,CAAC,CAAC,CAAC,CAAC,CAAC,CAAC;IACxC,CAAC,CAAC;IAEF,MAAM,UAAU,GAAG,CAAC,CAAU,EAAW,EAAE;QACvC,MAAM,QAAQ,GAAG,IAAA,WAAG,EAAC,CAAC,CAAC,EAAE,EAAE,CAAC,CAAC,CAAC,GAAG,EAAE,CAAC,CAAC,IAAI,CAAC,CAAC;QAC3C,MAAM,KAAK,GAAG,IAAA,WAAG,EAAC,IAAI,EAAE,IAAI,CAAC,CAAC;QAC9B,MAAM,SAAS,GAAG,IAAA,cAAM,EAAC,CAAC,EAAE,EAAE,EAAE,CAC5B,IAAA,qBAAc,EAAS,EAAE,CAAC,IAAI,CAAC,IAAA,gBAAQ,EAAC,IAAA,YAAK,EAAC,EAAE,CAAC,EAAE,QAAQ,CAAC,EAAE,KAAK,CAAC,CAAC;QACzE,OAAO,IAAA,oBAAW,EACd,CAAC,CAAC,IAAI,EACN,IAAA,kBAAU,EACN,CAAC,CAAC,IAAI,EACN,IAAA,WAAG,EAAC,CAAC,CAA6B,EAAE,EAAE,CAAC,CAAC,CAAC,CAAC,CAAC,EAAE,SAAS,CAAC,EACvD,IAAA,WAAG,EAAC,CAAC,CAA6B,EAAE,EAAE,CAAC,CAAC,CAAC,CAAC,CAAC,EAAE,SAAS,CAAC,CAC1D,CACJ,CAAC;IACN,CAAC,CAAC;IAEF,MAAM,GAAG,GAAG,CAAC,CAAO,EAAQ,EAAE,CAC1B,IAAA,iBAAQ,EAAC,CAAC,CAAC,CAAC,CAAC,CAAC,CAAC,CAAC,CAAC;QACjB,IAAA,kBAAS,EAAC,CAAC,CAAC,CAAC,CAAC,CAAC,CAAC,CAAC,CAAC;YAClB,IAAA,iBAAQ,EAAC,CAAC,CAAC,CAAC,CAAC,CAAC,CAAC,CAAC,CAAC;gBACjB,IAAA,iBAAQ,EAAC,CAAC,CAAC,CAAC,CAAC,CAAC,CAAC,CAAC,CAAC;oBACjB,IAAA,iBAAQ,EAAC,CAAC,CAAC,CAAC,CAAC,CAAC,CAAC,CAAC,CAAC;wBACjB,IAAA,iBAAQ,EAAC,CAAC,CAAC,CAAC,CAAC,CAAC,SAAS,CAAC,CAAC,CAAC,CAAC,CAAC;4BAC5B,IAAA,gBAAO,EAAC,CAAC,CAAC,CAAC,CAAC,CAAC,IAAA,kBAAS,EAAC,GAAG,CAAC,CAAC,CAAC,IAAI,CAAC,EAAE,GAAG,CAAC,CAAC,CAAC,IAAI,CAAC,EAAE,GAAG,CAAC,CAAC,CAAC,GAAG,CAAC,CAAC,CAAC,CAAC;gCAC9D,IAAA,kBAAS,EAAC,CAAC,CAAC,CAAC,CAAC,CAAC,UAAU,CAAC,CAAC,CAAC,CAAC,CAAC;oCAC9B,IAAA,iBAAQ,EAAC,CAAC,CAAC,CAAC,CAAC,CAAC,IAAA,mBAAU,EAAC,GAAG,CAAC,CAAC,CAAC,KAAK,CAAC,EAAE,IAAA,WAAG,EAAC,GAAG,EAAE,CAAC,CAAC,KAAK,CAAC,CAAC,CAAC,CAAC;wCAC3D,CAAC,CAAC;IAEN,OAAO,IAAA,WAAG,EAAC,GAAG,EAAE,IAAI,CAAC,CAAC;AAC1B,CAAC,CAAC;AAlCW,QAAA,UAAU,cAkCrB;AACF;;;EAGE;AACK,MAAM,UAAU,GAAG,GAA0B,EAAE;IAClD,IAAI,KAAK,GAAW,CAAC,CAAC;IACtB,OAAO,CAAC,CAAS,EAAE,EAAE;QACjB,KAAK,EAAE,CAAC;QACR,OAAO,GAAG,CAAC,KAAK,KAAK,EAAE,CAAC;IAC5B,CAAC,CAAC;AACN,CAAC,CAAC;AANW,QAAA,UAAU,cAMrB;AACF;;;EAGE;AACK,MAAM,UAAU,GAAG,CAAC,IAAY,EAAU,EAAE;IAC/C,MAAM,MAAM,GAAG,IAAA,kBAAU,GAAE,CAAC;IAC5B,MAAM,OAAO,GAAG,CAAC,CAAO,EAAQ,EAAE,CAC9B,IAAA,gBAAO,EAAC,CAAC,CAAC,CAAC,CAAC,CAAC,IAAA,kBAAS,EAAC,OAAO,CAAC,CAAC,CAAC,IAAI,CAAC,EAAE,OAAO,CAAC,CAAC,CAAC,IAAI,CAAC,EAAE,OAAO,CAAC,CAAC,CAAC,GAAG,CAAC,CAAC,CAAC,CAAC;QAC1E,IAAA,iBAAQ,EAAC,CAAC,CAAC,CAAC,CAAC,CAAC,IAAA,mBAAU,EAAC,OAAO,CAAC,CAAC,CAAC,KAAK,CAAC,EAAE,IAAA,WAAG,EAAC,OAAO,EAAE,CAAC,CAAC,KAAK,CAAC,CAAC,CAAC,CAAC;YACnE,IAAA,kBAAS,EAAC,CAAC,CAAC,CAAC,CAAC,CAAC,WAAW,CAAC,CAAC,CAAC,CAAC,CAAC;gBAC/B,CAAC,CAAC;IAEN,iEAAiE;IACjE,0DAA0D;IAC1D,MAAM,WAAW,GAAG,CAAC,CAAU,EAAW,EAAE;QACxC,MAAM,OAAO,GAAG,IAAA,WAAG,EAAC,CAAC,GAAY,EAAU,EAAE,CAAC,GAAG,CAAC,GAAG,EAAE,CAAC,CAAC,IAAI,CAAC,CAAC;QAC/D,MAAM,OAAO,GAAG,IAAA,WAAG,EAAC,MAAM,EAAE,OAAO,CAAC,CAAC;QACrC,MAAM,OAAO,GAAG,IAAA,WAAG,EAAC,OAAO,EAAE,CAAC,CAAC,IAAI,CAAC,CAAC;QACrC,OAAO,IAAA,oBAAW,EAAC,IAAA,WAAG,EAAC,oBAAW,EAAE,OAAO,CAAC,EAAE,IAAA,kBAAU,EAAC,OAAO,EAAE,OAAO,EAAE,IAAA,WAAG,EAAC,mBAAU,EAAE,OAAO,CAAC,CAAC,CAAC,CAAC;IAC1G,CAAC,CAAC;IAEF,OAAO,IAAA,WAAG,EAAC,OAAO,EAAE,IAAI,CAAC,CAAC;AAC9B,CAAC,CAAC;AAlBW,QAAA,UAAU,cAkBrB","sourcesContent":["import { filter, indexOf, map, includes, zip, KeyValuePair } from \"ramda\";\nimport { CExp, ProcExp, VarDecl, VarRef } from \"./L3-ast\";\nimport { isAppExp, isBoolExp, isIfExp, isLitExp, isNumExp, isPrimOp, isProcExp, isStrExp, isVarRef } from \"./L3-ast\";\nimport { makeAppExp, makeIfExp, makeProcExp, makeVarDecl, makeVarRef } from \"./L3-ast\";\nimport { first, isNonEmptyList } from '../shared/list';\n\n// For applicative eval - the type of exps should be ValueExp[] | VarRef[];\n// where ValueExp is an expression which directly encodes a value:\n// export type ValueExp = LitExp | NumExp | BoolExp | StrExp | PrimOp;\n// In order to support normal eval as well - we generalize the types to CExp.\n// @Pre: vars and exps have the same length\n/*\n   Example:\n   (\n     (lambda (x y) (+ ( (lambda (x) (* x y)) x ) y)\n     3 4\n    )\n\n    vars = [x,y]\n    exps = [3,4]\n\n    argNames = [x]\n    subst = [[x,3],[y,4]]\n    freeSubst = [[y,4]] \n    vars = [y]\n    exps = [4]\n*/\n\nexport const substitute = (body: CExp[], vars: string[], exps: CExp[]): CExp[] => {\n    const subVarRef = (e: VarRef): CExp => {\n        const pos = indexOf(e.var, vars);\n        return ((pos > -1) ? exps[pos] : e);\n    };\n    \n    const subProcExp = (e: ProcExp): ProcExp => {\n        const argNames = map((x) => x.var, e.args);\n        const subst = zip(vars, exps);\n        const freeSubst = filter((ve) => \n            isNonEmptyList<String>(ve) && !includes(first(ve), argNames), subst);\n        return makeProcExp(\n            e.args,\n            substitute(\n                e.body,\n                map((x: KeyValuePair<string, CExp>) => x[0], freeSubst),\n                map((x: KeyValuePair<string, CExp>) => x[1], freeSubst)\n            )\n        );\n    };\n    \n    const sub = (e: CExp): CExp => \n        isNumExp(e) ? e :\n        isBoolExp(e) ? e :\n        isPrimOp(e) ? e :\n        isLitExp(e) ? e :\n        isStrExp(e) ? e :\n        isVarRef(e) ? subVarRef(e) :\n        isIfExp(e) ? makeIfExp(sub(e.test), sub(e.then), sub(e.alt)) :\n        isProcExp(e) ? subProcExp(e) :\n        isAppExp(e) ? makeAppExp(sub(e.rator), map(sub, e.rands)) :\n        e;\n    \n    return map(sub, body);\n};\n/*\n    Purpose: create a generator of new symbols of the form v__n\n    with n incremented at each call.\n*/\nexport const makeVarGen = (): (v: string) => string => {\n    let count: number = 0;\n    return (v: string) => {\n        count++;\n        return `${v}__${count}`;\n    };\n};\n/*\nPurpose: Consistently rename bound variables in 'exps' to fresh names.\n         Start numbering at 1 for all new var names.\n*/\nexport const renameExps = (exps: CExp[]): CExp[] => {\n    const varGen = makeVarGen();\n    const replace = (e: CExp): CExp =>\n        isIfExp(e) ? makeIfExp(replace(e.test), replace(e.then), replace(e.alt)) :\n        isAppExp(e) ? makeAppExp(replace(e.rator), map(replace, e.rands)) :\n        isProcExp(e) ? replaceProc(e) :\n        e;\n    \n    // Rename the params and substitute old params with renamed ones.\n    //  First recursively rename all ProcExps inside the body.\n    const replaceProc = (e: ProcExp): ProcExp => {\n        const oldArgs = map((arg: VarDecl): string => arg.var, e.args);\n        const newArgs = map(varGen, oldArgs);\n        const newBody = map(replace, e.body);\n        return makeProcExp(map(makeVarDecl, newArgs), substitute(newBody, oldArgs, map(makeVarRef, newArgs)));\n    };\n    \n    return map(replace, exps);\n};\n"]},"_coverageSchema":"1a1c01bbd47fc00a2c39e90264f33305004495a9","hash":"e982b555f1f160a3d9d2af8c9e9ab461c0603ce9","contentHash":"44d2ed9069cadc5ec2d37f7b37d1eea29c1d854a0f2b1f602431db6b52a7b47b"}}